* Radex version        : 30nov2011
* Geometry             : Uniform sphere
* Molecular data file  : /home/agnieszka/Pulpit/doktorat/Radex/data/cn.dat                               
* T(kin)            [K]:   30.000
* Density of H2  [cm-3]:  1.000E+05
* Density of pH2 [cm-3]:  9.704E+04
* Density of oH2 [cm-3]:  2.961E+03
* T(background)     [K]:    2.730
* Column density [cm-2]:  1.000E+14
* Line width     [km/s]:    1.000
Calculation finished in   28 iterations
      LINE         E_UP       FREQ        WAVEL     T_EX      TAU        T_R       POP        POP       FLUX        FLUX
                   (K)        (GHz)       (um)      (K)                  (K)        UP        LOW      (K*km/s) (erg/cm2/s)
1_0.5  -- 0_0.5      5.4    113.1687   2649.0764    6.561  1.633E+00  2.700E+00  1.543E-01  3.532E-01  2.874E+00  5.364E-08
1_1.5  -- 0_0.5      5.5    113.4949   2641.4615    8.145  2.831E+00  4.578E+00  3.619E-01  3.532E-01  4.874E+00  9.176E-08
2_1.5  -- 1_1.5     16.3    226.3327   1324.5652    4.627  5.379E-01  3.916E-01  3.460E-02  3.619E-01  4.168E-01  6.224E-08
2_1.5  -- 1_0.5     16.3    226.6590   1322.6586    4.971  2.252E+00  1.044E+00  3.460E-02  1.543E-01  1.112E+00  1.667E-07
2_2.5  -- 1_1.5     16.3    226.8765   1321.3907    5.931  4.498E+00  1.840E+00  8.658E-02  3.619E-01  1.958E+00  2.945E-07
3_2.5  -- 2_2.5     32.6    339.4876    883.0735    4.825  5.889E-02  3.056E-02  2.957E-03  8.658E-02  3.253E-02  1.639E-08
3_2.5  -- 2_1.5     32.6    340.0313    881.6613    5.696  4.826E-01  3.615E-01  2.957E-03  3.460E-02  3.849E-01  1.949E-07
3_3.5  -- 2_2.5     32.7    340.2488    881.0977    5.431  1.159E+00  5.546E-01  5.708E-03  8.658E-02  5.903E-01  2.995E-07
4_3.5  -- 3_3.5     54.4    452.6286    662.3366    6.782  2.142E-03  1.953E-03  2.320E-04  5.708E-03  2.079E-03  2.483E-09
4_3.5  -- 3_2.5     54.4    453.3898    661.2245    7.681  3.919E-02  5.200E-02  2.320E-04  2.957E-03  5.535E-02  6.644E-08
4_4.5  -- 3_3.5     54.4    453.6073    660.9075    7.376  7.407E-02  8.516E-02  3.729E-04  5.708E-03  9.065E-02  1.090E-07
