* Radex version        : 30nov2011
* Geometry             : Uniform sphere
* Molecular data file  : /home/agnieszka/Pulpit/doktorat/Radex/data/cn.dat                               
* T(kin)            [K]:   30.000
* Density of H2  [cm-3]:  1.000E+06
* Density of pH2 [cm-3]:  9.704E+05
* Density of oH2 [cm-3]:  2.961E+04
* T(background)     [K]:    2.730
* Column density [cm-2]:  1.000E+13
* Line width     [km/s]:    1.000
Calculation finished in   27 iterations
      LINE         E_UP       FREQ        WAVEL     T_EX      TAU        T_R       POP        POP       FLUX        FLUX
                   (K)        (GHz)       (um)      (K)                  (K)        UP        LOW      (K*km/s) (erg/cm2/s)
1_0.5  -- 0_0.5      5.4    113.1687   2649.0764  136.457  5.528E-03  7.327E-01  1.658E-01  1.725E-01  7.799E-01  1.456E-08
1_1.5  -- 0_0.5      5.5    113.4949   2641.4615  132.341  1.143E-02  1.464E+00  3.311E-01  1.725E-01  1.558E+00  2.934E-08
2_1.5  -- 1_1.5     16.3    226.3327   1324.5652    9.111  3.790E-02  1.683E-01  1.005E-01  3.311E-01  1.792E-01  2.676E-08
2_1.5  -- 1_0.5     16.3    226.6590   1322.6586    9.114  1.898E-01  7.824E-01  1.005E-01  1.658E-01  8.329E-01  1.249E-07
2_2.5  -- 1_1.5     16.3    226.8765   1321.3907    9.412  3.356E-01  1.365E+00  1.562E-01  3.311E-01  1.453E+00  2.186E-07
3_2.5  -- 2_2.5     32.6    339.4876    883.0735    9.241  9.112E-03  3.021E-02  2.678E-02  1.562E-01  3.216E-02  1.621E-08
3_2.5  -- 2_1.5     32.6    340.0313    881.6613    9.445  1.222E-01  4.009E-01  2.678E-02  1.005E-01  4.267E-01  2.161E-07
3_3.5  -- 2_2.5     32.7    340.2488    881.0977    9.399  1.812E-01  5.712E-01  3.665E-02  1.562E-01  6.081E-01  3.085E-07
4_3.5  -- 3_3.5     54.4    452.6286    662.3366    9.885  1.274E-03  3.447E-03  4.070E-03  3.665E-02  3.670E-03  4.382E-09
4_3.5  -- 3_2.5     54.4    453.3898    661.2245   10.019  3.342E-02  9.176E-02  4.070E-03  2.678E-02  9.768E-02  1.172E-07
4_4.5  -- 3_3.5     54.4    453.6073    660.9075   10.016  4.446E-02  1.212E-01  5.212E-03  3.665E-02  1.290E-01  1.551E-07
