* Radex version        : 30nov2011
* Geometry             : Uniform sphere
* Molecular data file  : /home/agnieszka/Pulpit/doktorat/Radex/data/cn.dat                               
* T(kin)            [K]:   30.000
* Density of H2  [cm-3]:  1.000E+06
* Density of pH2 [cm-3]:  9.704E+05
* Density of oH2 [cm-3]:  2.961E+04
* T(background)     [K]:    2.730
* Column density [cm-2]:  1.000E+10
* Line width     [km/s]:    1.000
Calculation finished in   10 iterations
      LINE         E_UP       FREQ        WAVEL     T_EX      TAU        T_R       POP        POP       FLUX        FLUX
                   (K)        (GHz)       (um)      (K)                  (K)        UP        LOW      (K*km/s) (erg/cm2/s)
1_0.5  -- 0_0.5      5.4    113.1687   2649.0764  366.498  2.092E-06  7.592E-04  1.706E-01  1.731E-01  8.082E-04  1.509E-11
1_1.5  -- 0_0.5      5.5    113.4949   2641.4615  321.876  4.776E-06  1.520E-03  3.405E-01  1.731E-01  1.618E-03  3.047E-11
2_1.5  -- 1_1.5     16.3    226.3327   1324.5652    8.740  3.981E-05  1.672E-04  9.825E-02  3.405E-01  1.779E-04  2.657E-11
2_1.5  -- 1_0.5     16.3    226.6590   1322.6586    8.738  1.996E-04  8.368E-04  9.825E-02  1.706E-01  8.908E-04  1.336E-10
2_2.5  -- 1_1.5     16.3    226.8765   1321.3907    8.731  3.588E-04  1.501E-03  1.468E-01  3.405E-01  1.598E-03  2.403E-10
3_2.5  -- 2_2.5     32.6    339.4876    883.0735    9.430  8.499E-06  2.957E-05  2.608E-02  1.468E-01  3.147E-05  1.586E-11
3_2.5  -- 2_1.5     32.6    340.0313    881.6613    9.422  1.196E-04  4.146E-04  2.608E-02  9.825E-02  4.413E-04  2.235E-10
3_3.5  -- 2_2.5     32.7    340.2488    881.0977    9.422  1.701E-04  5.894E-04  3.458E-02  1.468E-01  6.274E-04  3.183E-10
4_3.5  -- 3_3.5     54.4    452.6286    662.3366   10.018  1.198E-06  3.352E-06  3.955E-03  3.458E-02  3.568E-06  4.261E-12
4_3.5  -- 3_2.5     54.4    453.3898    661.2245   10.010  3.255E-05  9.066E-05  3.955E-03  2.608E-02  9.650E-05  1.158E-10
4_4.5  -- 3_3.5     54.4    453.6073    660.9075   10.012  4.196E-05  1.169E-04  4.915E-03  3.458E-02  1.244E-04  1.495E-10
