* Radex version        : 30nov2011
* Geometry             : Uniform sphere
* Molecular data file  : /home/agnieszka/Pulpit/doktorat/Radex/data/cn.dat                               
* T(kin)            [K]:  200.000
* Density of H2  [cm-3]:  1.000E+04
* Density of pH2 [cm-3]:  2.500E+03
* Density of oH2 [cm-3]:  7.500E+03
* T(background)     [K]:    2.730
* Column density [cm-2]:  1.000E+12
* Line width     [km/s]:    1.000
Calculation finished in   13 iterations
      LINE         E_UP       FREQ        WAVEL     T_EX      TAU        T_R       POP        POP       FLUX        FLUX
                   (K)        (GHz)       (um)      (K)                  (K)        UP        LOW      (K*km/s) (erg/cm2/s)
1_0.5  -- 0_0.5      5.4    113.1687   2649.0764    3.573  3.714E-02  2.406E-02  1.266E-01  5.788E-01  2.561E-02  4.780E-10
1_1.5  -- 0_0.5      5.5    113.4949   2641.4615    3.579  7.436E-02  4.758E-02  2.527E-01  5.788E-01  5.065E-02  9.536E-10
2_1.5  -- 1_1.5     16.3    226.3327   1324.5652    3.794  3.916E-03  1.762E-03  1.443E-02  2.527E-01  1.876E-03  2.801E-10
2_1.5  -- 1_0.5     16.3    226.6590   1322.6586    3.797  1.961E-02  8.768E-03  1.443E-02  1.266E-01  9.334E-03  1.400E-09
2_2.5  -- 1_1.5     16.3    226.8765   1321.3907    3.803  3.523E-02  1.570E-02  2.164E-02  2.527E-01  1.672E-02  2.514E-09
3_2.5  -- 2_2.5     32.6    339.4876    883.0735    6.678  1.391E-04  2.106E-04  1.887E-03  2.164E-02  2.242E-04  1.130E-10
3_2.5  -- 2_1.5     32.6    340.0313    881.6613    6.688  1.948E-03  2.952E-03  1.887E-03  1.443E-02  3.142E-03  1.591E-09
3_3.5  -- 2_2.5     32.7    340.2488    881.0977    6.685  2.782E-03  4.204E-03  2.507E-03  2.164E-02  4.475E-03  2.270E-09
4_3.5  -- 3_3.5     54.4    452.6286    662.3366   13.192  7.919E-06  4.100E-05  4.832E-04  2.507E-03  4.364E-05  5.212E-11
4_3.5  -- 3_2.5     54.4    453.3898    661.2245   13.189  2.147E-04  1.109E-03  4.832E-04  1.887E-03  1.180E-03  1.417E-09
4_4.5  -- 3_3.5     54.4    453.6073    660.9075   13.197  2.773E-04  1.433E-03  6.022E-04  2.507E-03  1.526E-03  1.834E-09
