* Radex version        : 30nov2011
* Geometry             : Uniform sphere
* Molecular data file  : /home/agnieszka/Pulpit/doktorat/Radex/data/cn.dat                               
* T(kin)            [K]:  200.000
* Density of H2  [cm-3]:  1.000E+05
* Density of pH2 [cm-3]:  2.500E+04
* Density of oH2 [cm-3]:  7.500E+04
* T(background)     [K]:    2.730
* Column density [cm-2]:  1.000E+12
* Line width     [km/s]:    1.000
Calculation finished in   13 iterations
      LINE         E_UP       FREQ        WAVEL     T_EX      TAU        T_R       POP        POP       FLUX        FLUX
                   (K)        (GHz)       (um)      (K)                  (K)        UP        LOW      (K*km/s) (erg/cm2/s)
1_0.5  -- 0_0.5      5.4    113.1687   2649.0764   29.724  2.951E-03  7.729E-02  1.792E-01  2.152E-01  8.228E-02  1.536E-09
1_1.5  -- 0_0.5      5.5    113.4949   2641.4615   29.265  6.006E-03  1.543E-01  3.572E-01  2.152E-01  1.642E-01  3.092E-09
2_1.5  -- 1_1.5     16.3    226.3327   1324.5652    6.897  4.655E-03  1.221E-02  7.395E-02  3.572E-01  1.300E-02  1.941E-09
2_1.5  -- 1_0.5     16.3    226.6590   1322.6586    6.892  2.337E-02  6.056E-02  7.395E-02  1.792E-01  6.447E-02  9.668E-09
2_2.5  -- 1_1.5     16.3    226.8765   1321.3907    6.920  4.187E-02  1.083E-01  1.111E-01  3.572E-01  1.153E-01  1.735E-08
3_2.5  -- 2_2.5     32.6    339.4876    883.0735    9.494  6.417E-04  2.264E-03  1.997E-02  1.111E-01  2.410E-03  1.214E-09
3_2.5  -- 2_1.5     32.6    340.0313    881.6613    9.518  8.968E-03  3.162E-02  1.997E-02  7.395E-02  3.366E-02  1.704E-08
3_3.5  -- 2_2.5     32.7    340.2488    881.0977    9.502  1.284E-02  4.500E-02  2.656E-02  1.111E-01  4.790E-02  2.430E-08
4_3.5  -- 3_3.5     54.4    452.6286    662.3366   13.279  8.368E-05  4.391E-04  5.174E-03  2.656E-02  4.674E-04  5.581E-10
4_3.5  -- 3_2.5     54.4    453.3898    661.2245   13.282  2.266E-03  1.186E-02  5.174E-03  1.997E-02  1.263E-02  1.516E-08
4_4.5  -- 3_3.5     54.4    453.6073    660.9075   13.281  2.931E-03  1.533E-02  6.447E-03  2.656E-02  1.632E-02  1.961E-08
