* Radex version        : 30nov2011
* Geometry             : Uniform sphere
* Molecular data file  : /home/agnieszka/Pulpit/doktorat/Radex/data/cn.dat                               
* T(kin)            [K]:   75.000
* Density of H2  [cm-3]:  1.000E+05
* Density of pH2 [cm-3]:  5.194E+04
* Density of oH2 [cm-3]:  4.806E+04
* T(background)     [K]:    2.730
* Column density [cm-2]:  1.000E+12
* Line width     [km/s]:    1.000
Calculation finished in   13 iterations
      LINE         E_UP       FREQ        WAVEL     T_EX      TAU        T_R       POP        POP       FLUX        FLUX
                   (K)        (GHz)       (um)      (K)                  (K)        UP        LOW      (K*km/s) (erg/cm2/s)
1_0.5  -- 0_0.5      5.4    113.1687   2649.0764    8.087  1.377E-02  6.580E-02  1.751E-01  3.427E-01  7.005E-02  1.307E-09
1_1.5  -- 0_0.5      5.5    113.4949   2641.4615    8.092  2.760E-02  1.311E-01  3.497E-01  3.427E-01  1.395E-01  2.626E-09
2_1.5  -- 1_1.5     16.3    226.3327   1324.5652    5.253  5.020E-03  6.836E-03  4.421E-02  3.497E-01  7.277E-03  1.087E-09
2_1.5  -- 1_0.5     16.3    226.6590   1322.6586    5.256  2.514E-02  3.390E-02  4.421E-02  1.751E-01  3.609E-02  5.412E-09
2_2.5  -- 1_1.5     16.3    226.8765   1321.3907    5.274  4.514E-02  6.077E-02  6.654E-02  3.497E-01  6.469E-02  9.729E-09
3_2.5  -- 2_2.5     32.6    339.4876    883.0735    7.590  4.139E-04  8.750E-04  7.778E-03  6.654E-02  9.314E-04  4.693E-10
3_2.5  -- 2_1.5     32.6    340.0313    881.6613    7.614  5.772E-03  1.224E-02  7.778E-03  4.421E-02  1.303E-02  6.597E-09
3_3.5  -- 2_2.5     32.7    340.2488    881.0977    7.608  8.276E-03  1.748E-02  1.037E-02  6.654E-02  1.860E-02  9.437E-09
4_3.5  -- 3_3.5     54.4    452.6286    662.3366   10.419  3.553E-05  1.093E-04  1.290E-03  1.037E-02  1.164E-04  1.390E-10
4_3.5  -- 3_2.5     54.4    453.3898    661.2245   10.438  9.592E-04  2.955E-03  1.290E-03  7.778E-03  3.146E-03  3.776E-09
4_4.5  -- 3_3.5     54.4    453.6073    660.9075   10.432  1.244E-03  3.824E-03  1.609E-03  1.037E-02  4.071E-03  4.893E-09
