* Radex version        : 30nov2011
* Geometry             : Uniform sphere
* Molecular data file  : /home/agnieszka/Pulpit/doktorat/Radex/data/cn.dat                               
* T(kin)            [K]:  200.000
* Density of H2  [cm-3]:  1.000E+05
* Density of pH2 [cm-3]:  2.500E+04
* Density of oH2 [cm-3]:  7.500E+04
* T(background)     [K]:    2.730
* Column density [cm-2]:  1.000E+10
* Line width     [km/s]:    1.000
Calculation finished in   10 iterations
      LINE         E_UP       FREQ        WAVEL     T_EX      TAU        T_R       POP        POP       FLUX        FLUX
                   (K)        (GHz)       (um)      (K)                  (K)        UP        LOW      (K*km/s) (erg/cm2/s)
1_0.5  -- 0_0.5      5.4    113.1687   2649.0764   29.760  2.956E-05  7.763E-04  1.797E-01  2.157E-01  8.264E-04  1.542E-11
1_1.5  -- 0_0.5      5.5    113.4949   2641.4615   29.143  6.044E-05  1.550E-03  3.579E-01  2.157E-01  1.650E-03  3.107E-11
2_1.5  -- 1_1.5     16.3    226.3327   1324.5652    6.870  4.671E-05  1.218E-04  7.364E-02  3.579E-01  1.296E-04  1.936E-11
2_1.5  -- 1_0.5     16.3    226.6590   1322.6586    6.861  2.348E-04  6.096E-04  7.364E-02  1.797E-01  6.489E-04  9.731E-11
2_2.5  -- 1_1.5     16.3    226.8765   1321.3907    6.864  4.208E-04  1.093E-03  1.099E-01  3.579E-01  1.163E-03  1.749E-10
3_2.5  -- 2_2.5     32.6    339.4876    883.0735    9.542  6.335E-06  2.260E-05  1.993E-02  1.099E-01  2.406E-05  1.212E-11
3_2.5  -- 2_1.5     32.6    340.0313    881.6613    9.529  8.926E-05  3.169E-04  1.993E-02  7.364E-02  3.373E-04  1.708E-10
3_3.5  -- 2_2.5     32.7    340.2488    881.0977    9.535  1.268E-04  4.506E-04  2.643E-02  1.099E-01  4.797E-04  2.433E-10
4_3.5  -- 3_3.5     54.4    452.6286    662.3366   13.311  8.318E-07  4.386E-06  5.169E-03  2.643E-02  4.669E-06  5.575E-12
4_3.5  -- 3_2.5     54.4    453.3898    661.2245   13.292  2.260E-05  1.186E-04  5.169E-03  1.993E-02  1.263E-04  1.516E-10
4_4.5  -- 3_3.5     54.4    453.6073    660.9075   13.298  2.915E-05  1.530E-04  6.428E-03  2.643E-02  1.629E-04  1.958E-10
