* Radex version        : 30nov2011
* Geometry             : Uniform sphere
* Molecular data file  : /home/agnieszka/Pulpit/doktorat/Radex/data/cn.dat                               
* T(kin)            [K]:  200.000
* Density of H2  [cm-3]:  1.000E+05
* Density of pH2 [cm-3]:  2.500E+04
* Density of oH2 [cm-3]:  7.500E+04
* T(background)     [K]:    2.730
* Column density [cm-2]:  1.000E+14
* Line width     [km/s]:    1.000
Calculation finished in   29 iterations
      LINE         E_UP       FREQ        WAVEL     T_EX      TAU        T_R       POP        POP       FLUX        FLUX
                   (K)        (GHz)       (um)      (K)                  (K)        UP        LOW      (K*km/s) (erg/cm2/s)
1_0.5  -- 0_0.5      5.4    113.1687   2649.0764   26.906  2.665E-01  5.480E+00  1.451E-01  1.775E-01  5.833E+00  1.089E-07
1_1.5  -- 0_0.5      5.5    113.4949   2641.4615   37.021  3.992E-01  1.103E+01  3.065E-01  1.775E-01  1.174E+01  2.211E-07
2_1.5  -- 1_1.5     16.3    226.3327   1324.5652    8.993  3.532E-01  1.316E+00  9.159E-02  3.065E-01  1.401E+00  2.091E-07
2_1.5  -- 1_0.5     16.3    226.6590   1322.6586    9.433  1.631E+00  3.870E+00  9.159E-02  1.451E-01  4.119E+00  6.177E-07
2_2.5  -- 1_1.5     16.3    226.8765   1321.3907   11.840  2.725E+00  6.553E+00  1.833E-01  3.065E-01  6.976E+00  1.049E-06
3_2.5  -- 2_2.5     32.6    339.4876    883.0735    8.374  1.106E-01  2.801E-01  2.619E-02  1.833E-01  2.981E-01  1.502E-07
3_2.5  -- 2_1.5     32.6    340.0313    881.6613    9.846  1.096E+00  2.532E+00  2.619E-02  9.159E-02  2.695E+00  1.365E-06
3_3.5  -- 2_2.5     32.7    340.2488    881.0977   10.216  2.059E+00  3.575E+00  4.941E-02  1.833E-01  3.805E+00  1.930E-06
4_3.5  -- 3_3.5     54.4    452.6286    662.3366   10.183  1.704E-02  4.919E-02  5.853E-03  4.941E-02  5.236E-02  6.253E-08
4_3.5  -- 3_2.5     54.4    453.3898    661.2245   12.183  3.070E-01  1.156E+00  5.853E-03  2.619E-02  1.231E+00  1.477E-06
4_4.5  -- 3_3.5     54.4    453.6073    660.9075   11.272  5.784E-01  1.618E+00  8.953E-03  4.941E-02  1.722E+00  2.070E-06
