* Radex version        : 30nov2011
* Geometry             : Uniform sphere
* Molecular data file  : /home/agnieszka/Pulpit/doktorat/Radex/data/cn.dat                               
* T(kin)            [K]:   30.000
* Density of H2  [cm-3]:  1.000E+05
* Density of pH2 [cm-3]:  9.704E+04
* Density of oH2 [cm-3]:  2.961E+03
* T(background)     [K]:    2.730
* Column density [cm-2]:  1.000E+12
* Line width     [km/s]:    1.000
Calculation finished in   13 iterations
      LINE         E_UP       FREQ        WAVEL     T_EX      TAU        T_R       POP        POP       FLUX        FLUX
                   (K)        (GHz)       (um)      (K)                  (K)        UP        LOW      (K*km/s) (erg/cm2/s)
1_0.5  -- 0_0.5      5.4    113.1687   2649.0764    4.825  2.627E-02  4.533E-02  1.536E-01  4.735E-01  4.825E-02  9.006E-10
1_1.5  -- 0_0.5      5.5    113.4949   2641.4615    4.832  5.261E-02  8.982E-02  3.067E-01  4.735E-01  9.561E-02  1.800E-09
2_1.5  -- 1_1.5     16.3    226.3327   1324.5652    4.267  4.646E-03  3.325E-03  2.406E-02  3.067E-01  3.539E-03  5.285E-10
2_1.5  -- 1_0.5     16.3    226.6590   1322.6586    4.271  2.327E-02  1.651E-02  2.406E-02  1.536E-01  1.758E-02  2.636E-09
2_2.5  -- 1_1.5     16.3    226.8765   1321.3907    4.279  4.179E-02  2.955E-02  3.611E-02  3.067E-01  3.145E-02  4.730E-09
3_2.5  -- 2_2.5     32.6    339.4876    883.0735    5.980  2.376E-04  2.618E-04  2.368E-03  3.611E-02  2.787E-04  1.404E-10
3_2.5  -- 2_1.5     32.6    340.0313    881.6613    5.991  3.324E-03  3.667E-03  2.368E-03  2.406E-02  3.903E-03  1.976E-09
3_3.5  -- 2_2.5     32.7    340.2488    881.0977    5.985  4.753E-03  5.217E-03  3.146E-03  3.611E-02  5.554E-03  2.817E-09
4_3.5  -- 3_3.5     54.4    452.6286    662.3366    7.989  1.150E-05  1.754E-05  2.074E-04  3.146E-03  1.867E-05  2.229E-11
4_3.5  -- 3_2.5     54.4    453.3898    661.2245    7.991  3.116E-04  4.743E-04  2.074E-04  2.368E-03  5.049E-04  6.060E-10
4_4.5  -- 3_3.5     54.4    453.6073    660.9075    7.997  4.024E-04  6.132E-04  2.585E-04  3.146E-03  6.527E-04  7.846E-10
