* Radex version        : 30nov2011
* Geometry             : Uniform sphere
* Molecular data file  : /home/agnieszka/Pulpit/doktorat/Radex/data/cn.dat                               
* T(kin)            [K]:  200.000
* Density of H2  [cm-3]:  1.000E+04
* Density of pH2 [cm-3]:  2.500E+03
* Density of oH2 [cm-3]:  7.500E+03
* T(background)     [K]:    2.730
* Column density [cm-2]:  1.000E+13
* Line width     [km/s]:    1.000
Calculation finished in   22 iterations
      LINE         E_UP       FREQ        WAVEL     T_EX      TAU        T_R       POP        POP       FLUX        FLUX
                   (K)        (GHz)       (um)      (K)                  (K)        UP        LOW      (K*km/s) (erg/cm2/s)
1_0.5  -- 0_0.5      5.4    113.1687   2649.0764    3.688  3.545E-01  2.256E-01  1.285E-01  5.601E-01  2.402E-01  4.483E-09
1_1.5  -- 0_0.5      5.5    113.4949   2641.4615    3.795  7.014E-01  4.257E-01  2.666E-01  5.601E-01  4.532E-01  8.532E-09
2_1.5  -- 1_1.5     16.3    226.3327   1324.5652    3.775  4.136E-02  1.786E-02  1.501E-02  2.666E-01  1.901E-02  2.838E-09
2_1.5  -- 1_0.5     16.3    226.6590   1322.6586    3.830  1.987E-01  8.448E-02  1.501E-02  1.285E-01  8.993E-02  1.349E-08
2_2.5  -- 1_1.5     16.3    226.8765   1321.3907    3.860  3.708E-01  1.500E-01  2.383E-02  2.666E-01  1.597E-01  2.401E-08
3_2.5  -- 2_2.5     32.6    339.4876    883.0735    6.453  1.544E-03  2.123E-03  1.908E-03  2.383E-02  2.260E-03  1.139E-09
3_2.5  -- 2_1.5     32.6    340.0313    881.6613    6.612  2.031E-02  2.955E-02  1.908E-03  1.501E-02  3.146E-02  1.593E-08
3_3.5  -- 2_2.5     32.7    340.2488    881.0977    6.499  3.084E-02  4.247E-02  2.575E-03  2.383E-02  4.521E-02  2.294E-08
4_3.5  -- 3_3.5     54.4    452.6286    662.3366   12.952  8.190E-05  4.083E-04  4.812E-04  2.575E-03  4.346E-04  5.190E-10
4_3.5  -- 3_2.5     54.4    453.3898    661.2245   13.068  2.178E-03  1.103E-02  4.812E-04  1.908E-03  1.174E-02  1.409E-08
4_4.5  -- 3_3.5     54.4    453.6073    660.9075   13.018  2.863E-03  1.437E-02  6.044E-04  2.575E-03  1.530E-02  1.839E-08
