* Radex version        : 30nov2011
* Geometry             : Uniform sphere
* Molecular data file  : /home/agnieszka/Pulpit/doktorat/Radex/data/cn.dat                               
* T(kin)            [K]:   30.000
* Density of H2  [cm-3]:  1.000E+04
* Density of pH2 [cm-3]:  9.704E+03
* Density of oH2 [cm-3]:  2.961E+02
* T(background)     [K]:    2.730
* Column density [cm-2]:  1.000E+10
* Line width     [km/s]:    1.000
Calculation finished in   10 iterations
      LINE         E_UP       FREQ        WAVEL     T_EX      TAU        T_R       POP        POP       FLUX        FLUX
                   (K)        (GHz)       (um)      (K)                  (K)        UP        LOW      (K*km/s) (erg/cm2/s)
1_0.5  -- 0_0.5      5.4    113.1687   2649.0764    2.931  4.644E-04  6.915E-05  1.051E-01  6.705E-01  7.361E-05  1.374E-12
1_1.5  -- 0_0.5      5.5    113.4949   2641.4615    2.930  9.305E-04  1.375E-04  2.089E-01  6.705E-01  1.464E-04  2.756E-12
2_1.5  -- 1_1.5     16.3    226.3327   1324.5652    3.061  3.335E-05  3.821E-06  6.008E-03  2.089E-01  4.067E-06  6.073E-13
2_1.5  -- 1_0.5     16.3    226.6590   1322.6586    3.060  1.677E-04  1.911E-05  6.008E-03  1.051E-01  2.034E-05  3.051E-12
2_2.5  -- 1_1.5     16.3    226.8765   1321.3907    3.061  3.001E-04  3.425E-05  8.939E-03  2.089E-01  3.646E-05  5.483E-12
3_2.5  -- 2_2.5     32.6    339.4876    883.0735    4.266  6.157E-07  1.993E-07  1.961E-04  8.939E-03  2.121E-07  1.069E-13
3_2.5  -- 2_1.5     32.6    340.0313    881.6613    4.263  8.693E-06  2.795E-06  1.961E-04  6.008E-03  2.975E-06  1.506E-12
3_3.5  -- 2_2.5     32.7    340.2488    881.0977    4.267  1.231E-05  3.969E-06  2.596E-04  8.939E-03  4.225E-06  2.143E-12
4_3.5  -- 3_3.5     54.4    452.6286    662.3366    7.954  9.495E-09  1.430E-08  1.692E-05  2.596E-04  1.523E-08  1.818E-14
4_3.5  -- 3_2.5     54.4    453.3898    661.2245    7.947  2.583E-07  3.869E-07  1.692E-05  1.961E-04  4.118E-07  4.943E-13
4_4.5  -- 3_3.5     54.4    453.6073    660.9075    7.959  3.324E-07  4.994E-07  2.105E-05  2.596E-04  5.317E-07  6.390E-13
