* Radex version        : 30nov2011
* Geometry             : Uniform sphere
* Molecular data file  : /home/agnieszka/Pulpit/doktorat/Radex/data/cn.dat                               
* T(kin)            [K]:  200.000
* Density of H2  [cm-3]:  1.000E+06
* Density of pH2 [cm-3]:  2.500E+05
* Density of oH2 [cm-3]:  7.500E+05
* T(background)     [K]:    2.730
* Column density [cm-2]:  1.000E+14
* Line width     [km/s]:    1.000
Calculation finished in   28 iterations
      LINE         E_UP       FREQ        WAVEL     T_EX      TAU        T_R       POP        POP       FLUX        FLUX
                   (K)        (GHz)       (um)      (K)                  (K)        UP        LOW      (K*km/s) (erg/cm2/s)
1_0.5  -- 0_0.5      5.4    113.1687   2649.0764  -23.878 -1.090E-01  3.174E+00  6.524E-02  5.197E-02  3.378E+00  6.306E-08
1_1.5  -- 0_0.5      5.5    113.4949   2641.4615  -23.545 -2.223E-01  6.780E+00  1.310E-01  5.197E-02  7.217E+00  1.359E-07
2_1.5  -- 1_1.5     16.3    226.3327   1324.5652   73.930  2.941E-02  1.983E+00  1.131E-01  1.310E-01  2.111E+00  3.152E-07
2_1.5  -- 1_0.5     16.3    226.6590   1322.6586   76.048  1.429E-01  9.390E+00  1.131E-01  6.524E-02  9.996E+00  1.499E-06
2_2.5  -- 1_1.5     16.3    226.8765   1321.3907   84.403  2.344E-01  1.648E+01  1.727E-01  1.310E-01  1.754E+01  2.638E-06
3_2.5  -- 2_2.5     32.6    339.4876    883.0735   30.209  5.070E-02  1.125E+00  1.007E-01  1.727E-01  1.197E+00  6.032E-07
3_2.5  -- 2_1.5     32.6    340.0313    881.6613   31.298  6.796E-01  1.174E+01  1.007E-01  1.131E-01  1.250E+01  6.327E-06
3_3.5  -- 2_2.5     32.7    340.2488    881.0977   34.476  9.175E-01  1.616E+01  1.434E-01  1.727E-01  1.720E+01  8.727E-06
4_3.5  -- 3_3.5     54.4    452.6286    662.3366   23.791  3.358E-02  4.806E-01  5.754E-02  1.434E-01  5.116E-01  6.110E-07
4_3.5  -- 3_2.5     54.4    453.3898    661.2245   25.678  8.105E-01  9.058E+00  5.754E-02  1.007E-01  9.642E+00  1.157E-05
4_4.5  -- 3_3.5     54.4    453.6073    660.9075   26.862  1.090E+00  1.157E+01  7.970E-02  1.434E-01  1.231E+01  1.480E-05
