* Radex version        : 30nov2011
* Geometry             : Uniform sphere
* Molecular data file  : /home/agnieszka/Pulpit/doktorat/Radex/data/cn.dat                               
* T(kin)            [K]:  200.000
* Density of H2  [cm-3]:  1.000E+05
* Density of pH2 [cm-3]:  2.500E+04
* Density of oH2 [cm-3]:  7.500E+04
* T(background)     [K]:    2.730
* Column density [cm-2]:  1.000E+13
* Line width     [km/s]:    1.000
Calculation finished in   23 iterations
      LINE         E_UP       FREQ        WAVEL     T_EX      TAU        T_R       POP        POP       FLUX        FLUX
                   (K)        (GHz)       (um)      (K)                  (K)        UP        LOW      (K*km/s) (erg/cm2/s)
1_0.5  -- 0_0.5      5.4    113.1687   2649.0764   29.393  2.914E-02  7.438E-01  1.748E-01  2.103E-01  7.917E-01  1.478E-08
1_1.5  -- 0_0.5      5.5    113.4949   2641.4615   30.278  5.690E-02  1.481E+00  3.513E-01  2.103E-01  1.577E+00  2.969E-08
2_1.5  -- 1_1.5     16.3    226.3327   1324.5652    7.135  4.514E-02  1.246E-01  7.665E-02  3.513E-01  1.327E-01  1.981E-08
2_1.5  -- 1_0.5     16.3    226.6590   1322.6586    7.168  2.242E-01  5.722E-01  7.665E-02  1.748E-01  6.091E-01  9.134E-08
2_2.5  -- 1_1.5     16.3    226.8765   1321.3907    7.424  3.996E-01  1.008E+00  1.216E-01  3.513E-01  1.073E+00  1.614E-07
3_2.5  -- 2_2.5     32.6    339.4876    883.0735    9.132  7.124E-03  2.305E-02  2.042E-02  1.216E-01  2.453E-02  1.236E-08
3_2.5  -- 2_1.5     32.6    340.0313    881.6613    9.442  9.323E-02  3.100E-01  2.042E-02  7.665E-02  3.300E-01  1.671E-07
3_3.5  -- 2_2.5     32.7    340.2488    881.0977    9.282  1.417E-01  4.434E-01  2.791E-02  1.216E-01  4.720E-01  2.394E-07
4_3.5  -- 3_3.5     54.4    452.6286    662.3366   12.968  8.874E-04  4.433E-03  5.227E-03  2.791E-02  4.719E-03  5.636E-09
4_3.5  -- 3_2.5     54.4    453.3898    661.2245   13.186  2.323E-02  1.186E-01  5.227E-03  2.042E-02  1.262E-01  1.515E-07
4_4.5  -- 3_3.5     54.4    453.6073    660.9075   13.101  3.096E-02  1.553E-01  6.622E-03  2.791E-02  1.653E-01  1.986E-07
