* Radex version        : 30nov2011
* Geometry             : Uniform sphere
* Molecular data file  : /home/agnieszka/Pulpit/doktorat/Radex/data/cn.dat                               
* T(kin)            [K]:   75.000
* Density of H2  [cm-3]:  1.000E+04
* Density of pH2 [cm-3]:  5.194E+03
* Density of oH2 [cm-3]:  4.806E+03
* T(background)     [K]:    2.730
* Column density [cm-2]:  1.000E+13
* Line width     [km/s]:    1.000
Calculation finished in   21 iterations
      LINE         E_UP       FREQ        WAVEL     T_EX      TAU        T_R       POP        POP       FLUX        FLUX
                   (K)        (GHz)       (um)      (K)                  (K)        UP        LOW      (K*km/s) (erg/cm2/s)
1_0.5  -- 0_0.5      5.4    113.1687   2649.0764    3.215  4.169E-01  1.260E-01  1.150E-01  6.226E-01  1.342E-01  2.505E-09
1_1.5  -- 0_0.5      5.5    113.4949   2641.4615    3.281  8.288E-01  2.375E-01  2.368E-01  6.226E-01  2.528E-01  4.759E-09
2_1.5  -- 1_1.5     16.3    226.3327   1324.5652    3.351  3.739E-02  8.626E-03  9.260E-03  2.368E-01  9.182E-03  1.371E-09
2_1.5  -- 1_0.5     16.3    226.6590   1322.6586    3.386  1.813E-01  4.149E-02  9.260E-03  1.150E-01  4.417E-02  6.624E-09
2_2.5  -- 1_1.5     16.3    226.8765   1321.3907    3.405  3.358E-01  7.370E-02  1.451E-02  2.368E-01  7.846E-02  1.180E-08
3_2.5  -- 2_2.5     32.6    339.4876    883.0735    5.259  9.761E-04  7.104E-04  6.550E-04  1.451E-02  7.562E-04  3.811E-10
3_2.5  -- 2_1.5     32.6    340.0313    881.6613    5.343  1.305E-02  9.933E-03  6.550E-04  9.260E-03  1.057E-02  5.354E-09
3_3.5  -- 2_2.5     32.7    340.2488    881.0977    5.294  1.951E-02  1.433E-02  8.856E-04  1.451E-02  1.525E-02  7.737E-09
4_3.5  -- 3_3.5     54.4    452.6286    662.3366   10.469  3.029E-05  9.425E-05  1.112E-04  8.856E-04  1.003E-04  1.198E-10
4_3.5  -- 3_2.5     54.4    453.3898    661.2245   10.557  8.051E-04  2.548E-03  1.112E-04  6.550E-04  2.713E-03  3.256E-09
4_4.5  -- 3_3.5     54.4    453.6073    660.9075   10.515  1.059E-03  3.319E-03  1.396E-04  8.856E-04  3.534E-03  4.247E-09
