* Radex version        : 30nov2011
* Geometry             : Uniform sphere
* Molecular data file  : /home/agnieszka/Pulpit/doktorat/Radex/data/cn.dat                               
* T(kin)            [K]:   75.000
* Density of H2  [cm-3]:  1.000E+06
* Density of pH2 [cm-3]:  5.194E+05
* Density of oH2 [cm-3]:  4.806E+05
* T(background)     [K]:    2.730
* Column density [cm-2]:  1.000E+10
* Line width     [km/s]:    1.000
Calculation finished in   10 iterations
      LINE         E_UP       FREQ        WAVEL     T_EX      TAU        T_R       POP        POP       FLUX        FLUX
                   (K)        (GHz)       (um)      (K)                  (K)        UP        LOW      (K*km/s) (erg/cm2/s)
1_0.5  -- 0_0.5      5.4    113.1687   2649.0764  -25.215 -1.971E-05  5.693E-04  1.238E-01  9.982E-02  6.060E-04  1.131E-11
1_1.5  -- 0_0.5      5.5    113.4949   2641.4615  -25.373 -3.929E-05  1.141E-03  2.475E-01  9.982E-02  1.215E-03  2.288E-11
2_1.5  -- 1_1.5     16.3    226.3327   1324.5652   17.472  1.883E-05  2.333E-04  1.329E-01  2.475E-01  2.484E-04  3.709E-11
2_1.5  -- 1_0.5     16.3    226.6590   1322.6586   17.476  9.427E-05  1.168E-03  1.329E-01  1.238E-01  1.243E-03  1.865E-10
2_2.5  -- 1_1.5     16.3    226.8765   1321.3907   17.463  1.698E-04  2.101E-03  1.990E-01  2.475E-01  2.236E-03  3.363E-10
3_2.5  -- 2_2.5     32.6    339.4876    883.0735   13.800  9.710E-06  6.970E-05  6.110E-02  1.990E-01  7.420E-05  3.739E-11
3_2.5  -- 2_1.5     32.6    340.0313    881.6613   13.801  1.363E-04  9.774E-04  6.110E-02  1.329E-01  1.040E-03  5.268E-10
3_3.5  -- 2_2.5     32.7    340.2488    881.0977   13.811  1.943E-04  1.394E-03  8.133E-02  1.990E-01  1.484E-03  7.530E-10
4_3.5  -- 3_3.5     54.4    452.6286    662.3366   14.645  2.460E-06  1.566E-05  1.845E-02  8.133E-02  1.667E-05  1.991E-11
4_3.5  -- 3_2.5     54.4    453.3898    661.2245   14.652  6.656E-05  4.236E-04  1.845E-02  6.110E-02  4.509E-04  5.412E-10
4_4.5  -- 3_3.5     54.4    453.6073    660.9075   14.643  8.616E-05  5.474E-04  2.299E-02  8.133E-02  5.827E-04  7.004E-10
