* Radex version        : 30nov2011
* Geometry             : Uniform sphere
* Molecular data file  : /home/agnieszka/Pulpit/doktorat/Radex/data/cn.dat                               
* T(kin)            [K]:   30.000
* Density of H2  [cm-3]:  1.000E+04
* Density of pH2 [cm-3]:  9.704E+03
* Density of oH2 [cm-3]:  2.961E+02
* T(background)     [K]:    2.730
* Column density [cm-2]:  1.000E+13
* Line width     [km/s]:    1.000
Calculation finished in   18 iterations
      LINE         E_UP       FREQ        WAVEL     T_EX      TAU        T_R       POP        POP       FLUX        FLUX
                   (K)        (GHz)       (um)      (K)                  (K)        UP        LOW      (K*km/s) (erg/cm2/s)
1_0.5  -- 0_0.5      5.4    113.1687   2649.0764    2.968  4.564E-01  6.486E-02  1.062E-01  6.619E-01  6.905E-02  1.289E-09
1_1.5  -- 0_0.5      5.5    113.4949   2641.4615    3.003  9.105E-01  1.219E-01  2.158E-01  6.619E-01  1.297E-01  2.442E-09
2_1.5  -- 1_1.5     16.3    226.3327   1324.5652    3.055  3.446E-02  3.809E-03  6.167E-03  2.158E-01  4.055E-03  6.054E-10
2_1.5  -- 1_0.5     16.3    226.6590   1322.6586    3.074  1.694E-01  1.859E-02  6.167E-03  1.062E-01  1.979E-02  2.967E-09
2_2.5  -- 1_1.5     16.3    226.8765   1321.3907    3.085  3.098E-01  3.290E-02  9.496E-03  2.158E-01  3.502E-02  5.267E-09
3_2.5  -- 2_2.5     32.6    339.4876    883.0735    4.214  6.548E-04  2.007E-04  1.988E-04  9.496E-03  2.137E-04  1.077E-10
3_2.5  -- 2_1.5     32.6    340.0313    881.6613    4.250  8.926E-03  2.817E-03  1.988E-04  6.167E-03  2.998E-03  1.518E-09
3_3.5  -- 2_2.5     32.7    340.2488    881.0977    4.233  1.309E-02  4.042E-03  2.673E-04  9.496E-03  4.303E-03  2.183E-09
4_3.5  -- 3_3.5     54.4    452.6286    662.3366    7.866  9.796E-06  1.428E-05  1.689E-05  2.673E-04  1.520E-05  1.816E-11
4_3.5  -- 3_2.5     54.4    453.3898    661.2245    7.903  2.622E-04  3.863E-04  1.689E-05  1.988E-04  4.112E-04  4.935E-10
4_4.5  -- 3_3.5     54.4    453.6073    660.9075    7.889  3.428E-04  5.018E-04  2.116E-05  2.673E-04  5.342E-04  6.421E-10
