* Radex version        : 30nov2011
* Geometry             : Uniform sphere
* Molecular data file  : /home/agnieszka/Pulpit/doktorat/Radex/data/cn.dat                               
* T(kin)            [K]:  200.000
* Density of H2  [cm-3]:  1.000E+06
* Density of pH2 [cm-3]:  2.500E+05
* Density of oH2 [cm-3]:  7.500E+05
* T(background)     [K]:    2.730
* Column density [cm-2]:  1.000E+12
* Line width     [km/s]:    1.000
Calculation finished in   13 iterations
      LINE         E_UP       FREQ        WAVEL     T_EX      TAU        T_R       POP        POP       FLUX        FLUX
                   (K)        (GHz)       (um)      (K)                  (K)        UP        LOW      (K*km/s) (erg/cm2/s)
1_0.5  -- 0_0.5      5.4    113.1687   2649.0764  -21.016 -1.347E-03  3.331E-02  7.203E-02  5.563E-02  3.546E-02  6.619E-10
1_1.5  -- 0_0.5      5.5    113.4949   2641.4615  -21.119 -2.690E-03  6.685E-02  1.440E-01  5.563E-02  7.116E-02  1.340E-09
2_1.5  -- 1_1.5     16.3    226.3327   1324.5652   97.188  2.502E-04  2.293E-02  1.288E-01  1.440E-01  2.441E-02  3.645E-09
2_1.5  -- 1_0.5     16.3    226.6590   1322.6586   96.883  1.257E-03  1.147E-01  1.288E-01  7.203E-02  1.221E-01  1.832E-08
2_2.5  -- 1_1.5     16.3    226.8765   1321.3907   96.193  2.278E-03  2.063E-01  1.929E-01  1.440E-01  2.196E-01  3.303E-08
3_2.5  -- 2_2.5     32.6    339.4876    883.0735   23.952  6.703E-04  1.118E-02  9.769E-02  1.929E-01  1.190E-02  5.995E-09
3_2.5  -- 2_1.5     32.6    340.0313    881.6613   23.940  9.412E-03  1.561E-01  9.769E-02  1.288E-01  1.661E-01  8.411E-08
3_3.5  -- 2_2.5     32.7    340.2488    881.0977   23.942  1.343E-02  2.222E-01  1.300E-01  1.929E-01  2.365E-01  1.200E-07
4_3.5  -- 3_3.5     54.4    452.6286    662.3366   22.134  3.180E-04  4.138E-03  4.873E-02  1.300E-01  4.405E-03  5.260E-09
4_3.5  -- 3_2.5     54.4    453.3898    661.2245   22.130  8.611E-03  1.114E-01  4.873E-02  9.769E-02  1.186E-01  1.424E-07
4_4.5  -- 3_3.5     54.4    453.6073    660.9075   22.127  1.114E-02  1.440E-01  6.076E-02  1.300E-01  1.533E-01  1.842E-07
