* Radex version        : 30nov2011
* Geometry             : Uniform sphere
* Molecular data file  : /home/agnieszka/Pulpit/doktorat/Radex/data/cn.dat                               
* T(kin)            [K]:   75.000
* Density of H2  [cm-3]:  1.000E+06
* Density of pH2 [cm-3]:  5.194E+05
* Density of oH2 [cm-3]:  4.806E+05
* T(background)     [K]:    2.730
* Column density [cm-2]:  1.000E+14
* Line width     [km/s]:    1.000
Calculation finished in   28 iterations
      LINE         E_UP       FREQ        WAVEL     T_EX      TAU        T_R       POP        POP       FLUX        FLUX
                   (K)        (GHz)       (um)      (K)                  (K)        UP        LOW      (K*km/s) (erg/cm2/s)
1_0.5  -- 0_0.5      5.4    113.1687   2649.0764  -59.655 -7.429E-02  4.879E+00  1.039E-01  9.489E-02  5.194E+00  9.695E-08
1_1.5  -- 0_0.5      5.5    113.4949   2641.4615  -56.237 -1.586E-01  1.029E+01  2.091E-01  9.489E-02  1.095E+01  2.062E-07
2_1.5  -- 1_1.5     16.3    226.3327   1324.5652   21.236  1.376E-01  2.064E+00  1.254E-01  2.091E-01  2.197E+00  3.281E-07
2_1.5  -- 1_0.5     16.3    226.6590   1322.6586   21.511  6.778E-01  8.035E+00  1.254E-01  1.039E-01  8.554E+00  1.283E-06
2_2.5  -- 1_1.5     16.3    226.8765   1321.3907   25.270  1.082E+00  1.323E+01  2.038E-01  2.091E-01  1.408E+01  2.118E-06
3_2.5  -- 2_2.5     32.6    339.4876    883.0735   15.861  9.216E-02  7.962E-01  7.297E-02  2.038E-01  8.475E-01  4.271E-07
3_2.5  -- 2_1.5     32.6    340.0313    881.6613   17.239  1.135E+00  6.993E+00  7.297E-02  1.254E-01  7.444E+00  3.769E-06
3_3.5  -- 2_2.5     32.7    340.2488    881.0977   18.893  1.661E+00  9.598E+00  1.145E-01  2.038E-01  1.022E+01  5.183E-06
4_3.5  -- 3_3.5     54.4    452.6286    662.3366   13.675  3.565E-02  1.950E-01  2.339E-02  1.145E-01  2.076E-01  2.479E-07
4_3.5  -- 3_2.5     54.4    453.3898    661.2245   15.264  7.807E-01  3.727E+00  2.339E-02  7.297E-02  3.968E+00  4.762E-06
4_4.5  -- 3_3.5     54.4    453.6073    660.9075   15.597  1.179E+00  4.957E+00  3.545E-02  1.145E-01  5.277E+00  6.343E-06
