* Radex version        : 30nov2011
* Geometry             : Uniform sphere
* Molecular data file  : /home/agnieszka/Pulpit/doktorat/Radex/data/cn.dat                               
* T(kin)            [K]:   30.000
* Density of H2  [cm-3]:  1.000E+05
* Density of pH2 [cm-3]:  9.704E+04
* Density of oH2 [cm-3]:  2.961E+03
* T(background)     [K]:    2.730
* Column density [cm-2]:  1.000E+13
* Line width     [km/s]:    1.000
Calculation finished in   23 iterations
      LINE         E_UP       FREQ        WAVEL     T_EX      TAU        T_R       POP        POP       FLUX        FLUX
                   (K)        (GHz)       (um)      (K)                  (K)        UP        LOW      (K*km/s) (erg/cm2/s)
1_0.5  -- 0_0.5      5.4    113.1687   2649.0764    5.043  2.460E-01  4.242E-01  1.547E-01  4.543E-01  4.515E-01  8.428E-09
1_1.5  -- 0_0.5      5.5    113.4949   2641.4615    5.212  4.841E-01  8.047E-01  3.195E-01  4.543E-01  8.566E-01  1.613E-08
2_1.5  -- 1_1.5     16.3    226.3327   1324.5652    4.266  4.839E-02  3.386E-02  2.504E-02  3.195E-01  3.604E-02  5.381E-09
2_1.5  -- 1_0.5     16.3    226.6590   1322.6586    4.326  2.337E-01  1.566E-01  2.504E-02  1.547E-01  1.667E-01  2.500E-08
2_2.5  -- 1_1.5     16.3    226.8765   1321.3907    4.394  4.327E-01  2.782E-01  4.022E-02  3.195E-01  2.961E-01  4.454E-08
3_2.5  -- 2_2.5     32.6    339.4876    883.0735    5.800  2.662E-03  2.666E-03  2.424E-03  4.022E-02  2.838E-03  1.430E-09
3_2.5  -- 2_1.5     32.6    340.0313    881.6613    5.954  3.465E-02  3.692E-02  2.424E-03  2.504E-02  3.930E-02  1.990E-08
3_3.5  -- 2_2.5     32.7    340.2488    881.0977    5.869  5.313E-02  5.363E-02  3.320E-03  4.022E-02  5.708E-02  2.896E-08
4_3.5  -- 3_3.5     54.4    452.6286    662.3366    7.853  1.217E-04  1.766E-04  2.089E-04  3.320E-03  1.879E-04  2.244E-10
4_3.5  -- 3_2.5     54.4    453.3898    661.2245    7.944  3.193E-03  4.769E-03  2.089E-04  2.424E-03  5.076E-03  6.093E-09
4_4.5  -- 3_3.5     54.4    453.6073    660.9075    7.937  4.252E-03  6.325E-03  2.672E-04  3.320E-03  6.733E-03  8.093E-09
