* Radex version        : 30nov2011
* Geometry             : Uniform sphere
* Molecular data file  : /home/agnieszka/Pulpit/doktorat/Radex/data/cn.dat                               
* T(kin)            [K]:   30.000
* Density of H2  [cm-3]:  1.000E+06
* Density of pH2 [cm-3]:  9.704E+05
* Density of oH2 [cm-3]:  2.961E+04
* T(background)     [K]:    2.730
* Column density [cm-2]:  1.000E+14
* Line width     [km/s]:    1.000
Calculation finished in   28 iterations
      LINE         E_UP       FREQ        WAVEL     T_EX      TAU        T_R       POP        POP       FLUX        FLUX
                   (K)        (GHz)       (um)      (K)                  (K)        UP        LOW      (K*km/s) (erg/cm2/s)
1_0.5  -- 0_0.5      5.4    113.1687   2649.0764   35.812  1.882E-01  5.543E+00  1.399E-01  1.629E-01  5.900E+00  1.101E-07
1_1.5  -- 0_0.5      5.5    113.4949   2641.4615   41.076  3.324E-01  1.062E+01  2.853E-01  1.629E-01  1.131E+01  2.129E-07
2_1.5  -- 1_1.5     16.3    226.3327   1324.5652   11.313  2.894E-01  1.641E+00  1.092E-01  2.853E-01  1.747E+00  2.608E-07
2_1.5  -- 1_0.5     16.3    226.6590   1322.6586   11.558  1.402E+00  5.092E+00  1.092E-01  1.399E-01  5.421E+00  8.129E-07
2_2.5  -- 1_1.5     16.3    226.8765   1321.3907   13.834  2.298E+00  7.998E+00  1.948E-01  2.853E-01  8.514E+00  1.280E-06
3_2.5  -- 2_2.5     32.6    339.4876    883.0735    9.333  1.132E-01  3.643E-01  3.399E-02  1.948E-01  3.878E-01  1.954E-07
3_2.5  -- 2_1.5     32.6    340.0313    881.6613   10.377  1.280E+00  3.055E+00  3.399E-02  1.092E-01  3.252E+00  1.647E-06
3_3.5  -- 2_2.5     32.7    340.2488    881.0977   11.060  2.116E+00  4.216E+00  5.933E-02  1.948E-01  4.488E+00  2.277E-06
4_3.5  -- 3_3.5     54.4    452.6286    662.3366    8.807  2.124E-02  4.218E-02  5.035E-03  5.933E-02  4.490E-02  5.362E-08
4_3.5  -- 3_2.5     54.4    453.3898    661.2245    9.902  4.256E-01  9.399E-01  5.035E-03  3.399E-02  1.001E+00  1.201E-06
4_4.5  -- 3_3.5     54.4    453.6073    660.9075    9.770  7.247E-01  1.351E+00  7.987E-03  5.933E-02  1.438E+00  1.729E-06
