* Radex version        : 30nov2011
* Geometry             : Uniform sphere
* Molecular data file  : /home/agnieszka/Pulpit/doktorat/Radex/data/cn.dat                               
* T(kin)            [K]:   75.000
* Density of H2  [cm-3]:  1.000E+04
* Density of pH2 [cm-3]:  5.194E+03
* Density of oH2 [cm-3]:  4.806E+03
* T(background)     [K]:    2.730
* Column density [cm-2]:  1.000E+12
* Line width     [km/s]:    1.000
Calculation finished in   12 iterations
      LINE         E_UP       FREQ        WAVEL     T_EX      TAU        T_R       POP        POP       FLUX        FLUX
                   (K)        (GHz)       (um)      (K)                  (K)        UP        LOW      (K*km/s) (erg/cm2/s)
1_0.5  -- 0_0.5      5.4    113.1687   2649.0764    3.151  4.291E-02  1.340E-02  1.135E-01  6.360E-01  1.427E-02  2.663E-10
1_1.5  -- 0_0.5      5.5    113.4949   2641.4615    3.156  8.593E-02  2.652E-02  2.264E-01  6.360E-01  2.823E-02  5.315E-10
2_1.5  -- 1_1.5     16.3    226.3327   1324.5652    3.364  3.573E-03  8.589E-04  8.964E-03  2.264E-01  9.143E-04  1.365E-10
2_1.5  -- 1_0.5     16.3    226.6590   1322.6586    3.366  1.791E-02  4.281E-03  8.964E-03  1.135E-01  4.557E-03  6.834E-10
2_2.5  -- 1_1.5     16.3    226.8765   1321.3907    3.370  3.215E-02  7.673E-03  1.342E-02  2.264E-01  8.168E-03  1.228E-09
3_2.5  -- 2_2.5     32.6    339.4876    883.0735    5.373  8.996E-05  7.047E-05  6.470E-04  1.342E-02  7.502E-05  3.780E-11
3_2.5  -- 2_1.5     32.6    340.0313    881.6613    5.378  1.262E-03  9.881E-04  6.470E-04  8.964E-03  1.052E-03  5.325E-10
3_3.5  -- 2_2.5     32.7    340.2488    881.0977    5.382  1.799E-03  1.409E-03  8.610E-04  1.342E-02  1.500E-03  7.611E-10
4_3.5  -- 3_3.5     54.4    452.6286    662.3366   10.630  2.932E-06  9.458E-06  1.116E-04  8.610E-04  1.007E-05  1.202E-11
4_3.5  -- 3_2.5     54.4    453.3898    661.2245   10.638  7.934E-05  2.558E-04  1.116E-04  6.470E-04  2.723E-04  3.268E-10
4_4.5  -- 3_3.5     54.4    453.6073    660.9075   10.638  1.026E-04  3.307E-04  1.390E-04  8.610E-04  3.521E-04  4.232E-10
