* Radex version        : 30nov2011
* Geometry             : Uniform sphere
* Molecular data file  : /home/agnieszka/Pulpit/doktorat/Radex/data/cn.dat                               
* T(kin)            [K]:  200.000
* Density of H2  [cm-3]:  1.000E+06
* Density of pH2 [cm-3]:  2.500E+05
* Density of oH2 [cm-3]:  7.500E+05
* T(background)     [K]:    2.730
* Column density [cm-2]:  1.000E+13
* Line width     [km/s]:    1.000
Calculation finished in   22 iterations
      LINE         E_UP       FREQ        WAVEL     T_EX      TAU        T_R       POP        POP       FLUX        FLUX
                   (K)        (GHz)       (um)      (K)                  (K)        UP        LOW      (K*km/s) (erg/cm2/s)
1_0.5  -- 0_0.5      5.4    113.1687   2649.0764  -21.168 -1.325E-02  3.317E-01  7.131E-02  5.517E-02  3.531E-01  6.591E-09
1_1.5  -- 0_0.5      5.5    113.4949   2641.4615  -21.238 -2.651E-02  6.699E-01  1.426E-01  5.517E-02  7.131E-01  1.343E-08
2_1.5  -- 1_1.5     16.3    226.3327   1324.5652   92.736  2.590E-03  2.256E-01  1.268E-01  1.426E-01  2.402E-01  3.586E-08
2_1.5  -- 1_0.5     16.3    226.6590   1322.6586   92.784  1.296E-02  1.124E+00  1.268E-01  7.131E-02  1.196E+00  1.794E-07
2_2.5  -- 1_1.5     16.3    226.8765   1321.3907   93.063  2.328E-02  2.014E+00  1.903E-01  1.426E-01  2.144E+00  3.224E-07
3_2.5  -- 2_2.5     32.6    339.4876    883.0735   24.717  6.469E-03  1.123E-01  9.843E-02  1.903E-01  1.195E-01  6.024E-08
3_2.5  -- 2_1.5     32.6    340.0313    881.6613   24.762  9.054E-02  1.511E+00  9.843E-02  1.268E-01  1.608E+00  8.142E-07
3_3.5  -- 2_2.5     32.7    340.2488    881.0977   25.109  1.281E-01  2.138E+00  1.324E-01  1.903E-01  2.276E+00  1.155E-06
4_3.5  -- 3_3.5     54.4    452.6286    662.3366   22.134  3.238E-03  4.208E-02  4.962E-02  1.324E-01  4.479E-02  5.349E-08
4_3.5  -- 3_2.5     54.4    453.3898    661.2245   22.373  8.621E-02  1.092E+00  4.962E-02  9.843E-02  1.163E+00  1.395E-06
4_4.5  -- 3_3.5     54.4    453.6073    660.9075   22.391  1.127E-01  1.411E+00  6.260E-02  1.324E-01  1.502E+00  1.805E-06
