* Radex version        : 30nov2011
* Geometry             : Uniform sphere
* Molecular data file  : /home/agnieszka/Pulpit/doktorat/Radex/data/cn.dat                               
* T(kin)            [K]:   75.000
* Density of H2  [cm-3]:  1.000E+06
* Density of pH2 [cm-3]:  5.194E+05
* Density of oH2 [cm-3]:  4.806E+05
* T(background)     [K]:    2.730
* Column density [cm-2]:  1.000E+12
* Line width     [km/s]:    1.000
Calculation finished in   13 iterations
      LINE         E_UP       FREQ        WAVEL     T_EX      TAU        T_R       POP        POP       FLUX        FLUX
                   (K)        (GHz)       (um)      (K)                  (K)        UP        LOW      (K*km/s) (erg/cm2/s)
1_0.5  -- 0_0.5      5.4    113.1687   2649.0764  -25.471 -1.948E-03  5.683E-02  1.235E-01  9.980E-02  6.049E-02  1.129E-09
1_1.5  -- 0_0.5      5.5    113.4949   2641.4615  -25.649 -3.881E-03  1.140E-01  2.468E-01  9.980E-02  1.214E-01  2.285E-09
2_1.5  -- 1_1.5     16.3    226.3327   1324.5652   17.535  1.873E-03  2.330E-02  1.328E-01  2.468E-01  2.481E-02  3.704E-09
2_1.5  -- 1_0.5     16.3    226.6590   1322.6586   17.536  9.381E-03  1.162E-01  1.328E-01  1.235E-01  1.237E-01  1.856E-08
2_2.5  -- 1_1.5     16.3    226.8765   1321.3907   17.575  1.685E-02  2.086E-01  1.992E-01  2.468E-01  2.221E-01  3.340E-08
3_2.5  -- 2_2.5     32.6    339.4876    883.0735   13.814  9.718E-04  6.985E-03  6.126E-02  1.992E-01  7.436E-03  3.747E-09
3_2.5  -- 2_1.5     32.6    340.0313    881.6613   13.835  1.361E-02  9.734E-02  6.126E-02  1.328E-01  1.036E-01  5.246E-08
3_3.5  -- 2_2.5     32.7    340.2488    881.0977   13.855  1.943E-02  1.388E-01  8.174E-02  1.992E-01  1.478E-01  7.497E-08
4_3.5  -- 3_3.5     54.4    452.6286    662.3366   14.618  2.474E-04  1.570E-03  1.850E-02  8.174E-02  1.671E-03  1.995E-09
4_3.5  -- 3_2.5     54.4    453.3898    661.2245   14.650  6.674E-03  4.232E-02  1.850E-02  6.126E-02  4.505E-02  5.407E-08
4_4.5  -- 3_3.5     54.4    453.6073    660.9075   14.636  8.663E-03  5.475E-02  2.309E-02  8.174E-02  5.828E-02  7.005E-08
