* Radex version        : 30nov2011
* Geometry             : Uniform sphere
* Molecular data file  : /home/agnieszka/Pulpit/doktorat/Radex/data/cn.dat                               
* T(kin)            [K]:  200.000
* Density of H2  [cm-3]:  1.000E+04
* Density of pH2 [cm-3]:  2.500E+03
* Density of oH2 [cm-3]:  7.500E+03
* T(background)     [K]:    2.730
* Column density [cm-2]:  1.000E+14
* Line width     [km/s]:    1.000
Calculation finished in   29 iterations
      LINE         E_UP       FREQ        WAVEL     T_EX      TAU        T_R       POP        POP       FLUX        FLUX
                   (K)        (GHz)       (um)      (K)                  (K)        UP        LOW      (K*km/s) (erg/cm2/s)
1_0.5  -- 0_0.5      5.4    113.1687   2649.0764    4.662  2.485E+00  1.469E+00  1.372E-01  4.397E-01  1.563E+00  2.918E-08
1_1.5  -- 0_0.5      5.5    113.4949   2641.4615    5.747  4.426E+00  2.559E+00  3.409E-01  4.397E-01  2.724E+00  5.129E-08
2_1.5  -- 1_1.5     16.3    226.3327   1324.5652    3.899  5.256E-01  2.073E-01  2.102E-02  3.409E-01  2.206E-01  3.294E-08
2_1.5  -- 1_0.5     16.3    226.6590   1322.6586    4.235  2.081E+00  6.098E-01  2.102E-02  1.372E-01  6.491E-01  9.734E-08
2_2.5  -- 1_1.5     16.3    226.8765   1321.3907    4.840  4.509E+00  1.066E+00  5.390E-02  3.409E-01  1.134E+00  1.706E-07
3_2.5  -- 2_2.5     32.6    339.4876    883.0735    5.055  3.645E-02  2.269E-02  2.146E-03  5.390E-02  2.415E-02  1.217E-08
3_2.5  -- 2_1.5     32.6    340.0313    881.6613    6.072  2.898E-01  2.894E-01  2.146E-03  2.102E-02  3.080E-01  1.560E-07
3_3.5  -- 2_2.5     32.7    340.2488    881.0977    5.476  7.206E-01  4.265E-01  3.643E-03  5.390E-02  4.540E-01  2.303E-07
4_3.5  -- 3_3.5     54.4    452.6286    662.3366   10.632  1.240E-03  4.001E-03  4.722E-04  3.643E-03  4.259E-03  5.086E-09
4_3.5  -- 3_2.5     54.4    453.3898    661.2245   12.077  2.524E-02  1.070E-01  4.722E-04  2.146E-03  1.139E-01  1.367E-07
4_4.5  -- 3_3.5     54.4    453.6073    660.9075   11.093  4.286E-02  1.490E-01  6.398E-04  3.643E-03  1.586E-01  1.907E-07
