* Radex version        : 30nov2011
* Geometry             : Uniform sphere
* Molecular data file  : /home/agnieszka/Pulpit/doktorat/Radex/data/cn.dat                               
* T(kin)            [K]:   75.000
* Density of H2  [cm-3]:  1.000E+05
* Density of pH2 [cm-3]:  5.194E+04
* Density of oH2 [cm-3]:  4.806E+04
* T(background)     [K]:    2.730
* Column density [cm-2]:  1.000E+13
* Line width     [km/s]:    1.000
Calculation finished in   23 iterations
      LINE         E_UP       FREQ        WAVEL     T_EX      TAU        T_R       POP        POP       FLUX        FLUX
                   (K)        (GHz)       (um)      (K)                  (K)        UP        LOW      (K*km/s) (erg/cm2/s)
1_0.5  -- 0_0.5      5.4    113.1687   2649.0764    8.444  1.285E-01  6.220E-01  1.734E-01  3.299E-01  6.621E-01  1.236E-08
1_1.5  -- 0_0.5      5.5    113.4949   2641.4615    8.741  2.515E-01  1.210E+00  3.538E-01  3.299E-01  1.288E+00  2.425E-08
2_1.5  -- 1_1.5     16.3    226.3327   1324.5652    5.332  5.057E-02  7.009E-02  4.613E-02  3.538E-01  7.461E-02  1.114E-08
2_1.5  -- 1_0.5     16.3    226.6590   1322.6586    5.393  2.470E-01  3.202E-01  4.613E-02  1.734E-01  3.408E-01  5.111E-08
2_2.5  -- 1_1.5     16.3    226.8765   1321.3907    5.538  4.499E-01  5.678E-01  7.430E-02  3.538E-01  6.044E-01  9.089E-08
3_2.5  -- 2_2.5     32.6    339.4876    883.0735    7.280  4.675E-03  8.879E-03  7.926E-03  7.430E-02  9.451E-03  4.762E-09
3_2.5  -- 2_1.5     32.6    340.0313    881.6613    7.532  6.041E-02  1.213E-01  7.926E-03  4.613E-02  1.292E-01  6.539E-08
3_3.5  -- 2_2.5     32.7    340.2488    881.0977    7.393  9.315E-02  1.755E-01  1.088E-02  7.430E-02  1.868E-01  9.477E-08
4_3.5  -- 3_3.5     54.4    452.6286    662.3366   10.224  3.748E-04  1.101E-03  1.300E-03  1.088E-02  1.173E-03  1.400E-09
4_3.5  -- 3_2.5     54.4    453.3898    661.2245   10.383  9.790E-03  2.965E-02  1.300E-03  7.926E-03  3.157E-02  3.789E-08
4_4.5  -- 3_3.5     54.4    453.6073    660.9075   10.348  1.308E-02  3.920E-02  1.659E-03  1.088E-02  4.173E-02  5.016E-08
