* Radex version        : 30nov2011
* Geometry             : Uniform sphere
* Molecular data file  : /home/agnieszka/Pulpit/doktorat/Radex/data/cn.dat                               
* T(kin)            [K]:   30.000
* Density of H2  [cm-3]:  1.000E+06
* Density of pH2 [cm-3]:  9.704E+05
* Density of oH2 [cm-3]:  2.961E+04
* T(background)     [K]:    2.730
* Column density [cm-2]:  1.000E+12
* Line width     [km/s]:    1.000
Calculation finished in   13 iterations
      LINE         E_UP       FREQ        WAVEL     T_EX      TAU        T_R       POP        POP       FLUX        FLUX
                   (K)        (GHz)       (um)      (K)                  (K)        UP        LOW      (K*km/s) (erg/cm2/s)
1_0.5  -- 0_0.5      5.4    113.1687   2649.0764  310.037  2.469E-04  7.565E-02  1.701E-01  1.731E-01  8.053E-02  1.503E-09
1_1.5  -- 0_0.5      5.5    113.4949   2641.4615  278.168  5.517E-04  1.515E-01  3.395E-01  1.731E-01  1.612E-01  3.035E-09
2_1.5  -- 1_1.5     16.3    226.3327   1324.5652    8.778  3.960E-03  1.673E-02  9.849E-02  3.395E-01  1.781E-02  2.659E-09
2_1.5  -- 1_0.5     16.3    226.6590   1322.6586    8.776  1.986E-02  8.310E-02  9.849E-02  1.701E-01  8.846E-02  1.327E-08
2_2.5  -- 1_1.5     16.3    226.8765   1321.3907    8.801  3.563E-02  1.486E-01  1.478E-01  3.395E-01  1.582E-01  2.379E-08
3_2.5  -- 2_2.5     32.6    339.4876    883.0735    9.407  8.566E-04  2.963E-03  2.614E-02  1.478E-01  3.154E-03  1.589E-09
3_2.5  -- 2_1.5     32.6    340.0313    881.6613    9.423  1.199E-02  4.132E-02  2.614E-02  9.849E-02  4.399E-02  2.227E-08
3_3.5  -- 2_2.5     32.7    340.2488    881.0977    9.415  1.714E-02  5.876E-02  3.477E-02  1.478E-01  6.255E-02  3.173E-08
4_3.5  -- 3_3.5     54.4    452.6286    662.3366   10.006  1.205E-04  3.362E-04  3.967E-03  3.477E-02  3.578E-04  4.273E-10
4_3.5  -- 3_2.5     54.4    453.3898    661.2245   10.012  3.263E-03  9.078E-03  3.967E-03  2.614E-02  9.663E-03  1.160E-08
4_4.5  -- 3_3.5     54.4    453.6073    660.9075   10.015  4.219E-03  1.173E-02  4.945E-03  3.477E-02  1.249E-02  1.501E-08
