* Radex version        : 30nov2011
* Geometry             : Uniform sphere
* Molecular data file  : /home/agnieszka/Pulpit/doktorat/Radex/data/cn.dat                               
* T(kin)            [K]:   30.000
* Density of H2  [cm-3]:  1.000E+05
* Density of pH2 [cm-3]:  9.704E+04
* Density of oH2 [cm-3]:  2.961E+03
* T(background)     [K]:    2.730
* Column density [cm-2]:  1.000E+09
* Line width     [km/s]:    1.000
Calculation finished in   10 iterations
      LINE         E_UP       FREQ        WAVEL     T_EX      TAU        T_R       POP        POP       FLUX        FLUX
                   (K)        (GHz)       (um)      (K)                  (K)        UP        LOW      (K*km/s) (erg/cm2/s)
1_0.5  -- 0_0.5      5.4    113.1687   2649.0764    4.800  2.647E-05  4.568E-05  1.535E-01  4.758E-01  4.863E-05  9.076E-13
1_1.5  -- 0_0.5      5.5    113.4949   2641.4615    4.789  5.313E-05  9.104E-05  3.051E-01  4.758E-01  9.691E-05  1.825E-12
2_1.5  -- 1_1.5     16.3    226.3327   1324.5652    4.268  4.621E-06  3.318E-06  2.395E-02  3.051E-01  3.532E-06  5.275E-13
2_1.5  -- 1_0.5     16.3    226.6590   1322.6586    4.265  2.325E-05  1.661E-05  2.395E-02  1.535E-01  1.768E-05  2.651E-12
2_2.5  -- 1_1.5     16.3    226.8765   1321.3907    4.267  4.160E-05  2.975E-05  3.568E-02  3.051E-01  3.166E-05  4.762E-12
3_2.5  -- 2_2.5     32.6    339.4876    883.0735    6.001  2.346E-07  2.612E-07  2.362E-03  3.568E-02  2.781E-07  1.401E-13
3_2.5  -- 2_1.5     32.6    340.0313    881.6613    5.995  3.309E-06  3.663E-06  2.362E-03  2.395E-02  3.900E-06  1.974E-12
3_3.5  -- 2_2.5     32.7    340.2488    881.0977    5.998  4.695E-06  5.199E-06  3.127E-03  3.568E-02  5.534E-06  2.807E-12
4_3.5  -- 3_3.5     54.4    452.6286    662.3366    8.005  1.142E-08  1.753E-08  2.073E-04  3.127E-03  1.866E-08  2.228E-14
4_3.5  -- 3_2.5     54.4    453.3898    661.2245    7.997  3.108E-07  4.740E-07  2.073E-04  2.362E-03  5.046E-07  6.057E-13
4_4.5  -- 3_3.5     54.4    453.6073    660.9075    8.005  3.999E-07  6.111E-07  2.576E-04  3.127E-03  6.505E-07  7.820E-13
