* Radex version        : 30nov2011
* Geometry             : Uniform sphere
* Molecular data file  : /home/agnieszka/Pulpit/doktorat/Radex/data/cn.dat                               
* T(kin)            [K]:   30.000
* Density of H2  [cm-3]:  1.000E+04
* Density of pH2 [cm-3]:  9.704E+03
* Density of oH2 [cm-3]:  2.961E+02
* T(background)     [K]:    2.730
* Column density [cm-2]:  1.000E+14
* Line width     [km/s]:    1.000
Calculation finished in   26 iterations
      LINE         E_UP       FREQ        WAVEL     T_EX      TAU        T_R       POP        POP       FLUX        FLUX
                   (K)        (GHz)       (um)      (K)                  (K)        UP        LOW      (K*km/s) (erg/cm2/s)
1_0.5  -- 0_0.5      5.4    113.1687   2649.0764    3.337  3.871E+00  4.570E-01  1.152E-01  5.865E-01  4.864E-01  9.080E-09
1_1.5  -- 0_0.5      5.5    113.4949   2641.4615    3.740  7.393E+00  7.978E-01  2.734E-01  5.865E-01  8.493E-01  1.599E-08
2_1.5  -- 1_1.5     16.3    226.3327   1324.5652    3.051  4.366E-01  3.914E-02  7.770E-03  2.734E-01  4.167E-02  6.222E-09
2_1.5  -- 1_0.5     16.3    226.6590   1322.6586    3.210  1.829E+00  1.457E-01  7.770E-03  1.152E-01  1.551E-01  2.326E-08
2_2.5  -- 1_1.5     16.3    226.8765   1321.3907    3.390  3.880E+00  2.462E-01  1.652E-02  2.734E-01  2.620E-01  3.941E-08
3_2.5  -- 2_2.5     32.6    339.4876    883.0735    3.795  1.147E-02  2.098E-03  2.257E-04  1.652E-02  2.234E-03  1.125E-09
3_2.5  -- 2_1.5     32.6    340.0313    881.6613    4.137  1.127E-01  2.993E-02  2.257E-04  7.770E-03  3.186E-02  1.613E-08
3_3.5  -- 2_2.5     32.7    340.2488    881.0977    3.954  2.289E-01  4.613E-02  3.541E-04  1.652E-02  4.910E-02  2.491E-08
4_3.5  -- 3_3.5     54.4    452.6286    662.3366    7.124  1.320E-04  1.416E-04  1.678E-05  3.541E-04  1.508E-04  1.800E-10
4_3.5  -- 3_2.5     54.4    453.3898    661.2245    7.538  3.002E-03  3.829E-03  1.678E-05  2.257E-04  4.076E-03  4.893E-09
4_4.5  -- 3_3.5     54.4    453.6073    660.9075    7.311  4.601E-03  5.326E-03  2.253E-05  3.541E-04  5.669E-03  6.815E-09
