* Radex version        : 30nov2011
* Geometry             : Uniform sphere
* Molecular data file  : /home/agnieszka/Pulpit/doktorat/Radex/data/cn.dat                               
* T(kin)            [K]:   30.000
* Density of H2  [cm-3]:  1.000E+04
* Density of pH2 [cm-3]:  9.704E+03
* Density of oH2 [cm-3]:  2.961E+02
* T(background)     [K]:    2.730
* Column density [cm-2]:  1.000E+12
* Line width     [km/s]:    1.000
Calculation finished in   12 iterations
      LINE         E_UP       FREQ        WAVEL     T_EX      TAU        T_R       POP        POP       FLUX        FLUX
                   (K)        (GHz)       (um)      (K)                  (K)        UP        LOW      (K*km/s) (erg/cm2/s)
1_0.5  -- 0_0.5      5.4    113.1687   2649.0764    2.934  4.637E-02  6.869E-03  1.052E-01  6.697E-01  7.312E-03  1.365E-10
1_1.5  -- 0_0.5      5.5    113.4949   2641.4615    2.936  9.286E-02  1.357E-02  2.096E-01  6.697E-01  1.445E-02  2.720E-10
2_1.5  -- 1_1.5     16.3    226.3327   1324.5652    3.060  3.345E-03  3.820E-04  6.024E-03  2.096E-01  4.067E-04  6.072E-11
2_1.5  -- 1_0.5     16.3    226.6590   1322.6586    3.061  1.679E-02  1.906E-03  6.024E-03  1.052E-01  2.029E-03  3.042E-10
2_2.5  -- 1_1.5     16.3    226.8765   1321.3907    3.063  3.010E-02  3.411E-03  8.990E-03  2.096E-01  3.631E-03  5.461E-10
3_2.5  -- 2_2.5     32.6    339.4876    883.0735    4.261  6.194E-05  1.994E-05  1.964E-04  8.990E-03  2.123E-05  1.070E-11
3_2.5  -- 2_1.5     32.6    340.0313    881.6613    4.262  8.716E-04  2.797E-04  1.964E-04  6.024E-03  2.978E-04  1.508E-10
3_3.5  -- 2_2.5     32.7    340.2488    881.0977    4.264  1.239E-03  3.976E-04  2.603E-04  8.990E-03  4.232E-04  2.147E-10
4_3.5  -- 3_3.5     54.4    452.6286    662.3366    7.946  9.523E-07  1.430E-06  1.691E-05  2.603E-04  1.522E-06  1.818E-12
4_3.5  -- 3_2.5     54.4    453.3898    661.2245    7.943  2.587E-05  3.868E-05  1.691E-05  1.964E-04  4.118E-05  4.942E-11
4_4.5  -- 3_3.5     54.4    453.6073    660.9075    7.952  3.334E-05  4.997E-05  2.106E-05  2.603E-04  5.319E-05  6.393E-11
