* Radex version        : 30nov2011
* Geometry             : Uniform sphere
* Molecular data file  : /home/agnieszka/Pulpit/doktorat/Radex/data/cn.dat                               
* T(kin)            [K]:   75.000
* Density of H2  [cm-3]:  1.000E+04
* Density of pH2 [cm-3]:  5.194E+03
* Density of oH2 [cm-3]:  4.806E+03
* T(background)     [K]:    2.730
* Column density [cm-2]:  1.000E+14
* Line width     [km/s]:    1.000
Calculation finished in   29 iterations
      LINE         E_UP       FREQ        WAVEL     T_EX      TAU        T_R       POP        POP       FLUX        FLUX
                   (K)        (GHz)       (um)      (K)                  (K)        UP        LOW      (K*km/s) (erg/cm2/s)
1_0.5  -- 0_0.5      5.4    113.1687   2649.0764    3.838  3.221E+00  8.469E-01  1.258E-01  5.180E-01  9.015E-01  1.683E-08
1_1.5  -- 0_0.5      5.5    113.4949   2641.4615    4.532  5.955E+00  1.480E+00  3.114E-01  5.180E-01  1.575E+00  2.966E-08
2_1.5  -- 1_1.5     16.3    226.3327   1324.5652    3.374  4.913E-01  9.520E-02  1.245E-02  3.114E-01  1.013E-01  1.513E-08
2_1.5  -- 1_0.5     16.3    226.6590   1322.6586    3.618  1.965E+00  3.095E-01  1.245E-02  1.258E-01  3.295E-01  4.941E-08
2_2.5  -- 1_1.5     16.3    226.8765   1321.3907    3.971  4.307E+00  5.373E-01  3.011E-02  3.114E-01  5.720E-01  8.602E-08
3_2.5  -- 2_2.5     32.6    339.4876    883.0735    4.394  2.068E-02  7.528E-03  7.383E-04  3.011E-02  8.014E-03  4.038E-09
3_2.5  -- 2_1.5     32.6    340.0313    881.6613    5.051  1.768E-01  1.022E-01  7.383E-04  1.245E-02  1.087E-01  5.506E-08
3_3.5  -- 2_2.5     32.7    340.2488    881.0977    4.658  4.113E-01  1.565E-01  1.205E-03  3.011E-02  1.666E-01  8.452E-08
4_3.5  -- 3_3.5     54.4    452.6286    662.3366    9.041  4.289E-04  9.232E-04  1.091E-04  1.205E-03  9.828E-04  1.174E-09
4_3.5  -- 3_2.5     54.4    453.3898    661.2245    9.890  9.246E-03  2.488E-02  1.091E-04  7.383E-04  2.648E-02  3.179E-08
4_4.5  -- 3_3.5     54.4    453.6073    660.9075    9.388  1.488E-02  3.498E-02  1.483E-04  1.205E-03  3.723E-02  4.475E-08
