* Radex version        : 30nov2011
* Geometry             : Uniform sphere
* Molecular data file  : /home/agnieszka/Pulpit/doktorat/Radex/data/cn.dat                               
* T(kin)            [K]:   75.000
* Density of H2  [cm-3]:  1.000E+06
* Density of pH2 [cm-3]:  5.194E+05
* Density of oH2 [cm-3]:  4.806E+05
* T(background)     [K]:    2.730
* Column density [cm-2]:  1.000E+09
* Line width     [km/s]:    1.000
Calculation finished in   10 iterations
      LINE         E_UP       FREQ        WAVEL     T_EX      TAU        T_R       POP        POP       FLUX        FLUX
                   (K)        (GHz)       (um)      (K)                  (K)        UP        LOW      (K*km/s) (erg/cm2/s)
1_0.5  -- 0_0.5      5.4    113.1687   2649.0764  -25.212 -1.971E-06  5.693E-05  1.238E-01  9.983E-02  6.060E-05  1.131E-12
1_1.5  -- 0_0.5      5.5    113.4949   2641.4615  -25.370 -3.929E-06  1.141E-04  2.475E-01  9.983E-02  1.215E-04  2.288E-12
2_1.5  -- 1_1.5     16.3    226.3327   1324.5652   17.471  1.883E-06  2.333E-05  1.329E-01  2.475E-01  2.484E-05  3.709E-12
2_1.5  -- 1_0.5     16.3    226.6590   1322.6586   17.476  9.427E-06  1.168E-04  1.329E-01  1.238E-01  1.244E-04  1.865E-11
2_2.5  -- 1_1.5     16.3    226.8765   1321.3907   17.462  1.698E-05  2.101E-04  1.990E-01  2.475E-01  2.236E-04  3.363E-11
3_2.5  -- 2_2.5     32.6    339.4876    883.0735   13.800  9.710E-07  6.970E-06  6.110E-02  1.990E-01  7.420E-06  3.739E-12
3_2.5  -- 2_1.5     32.6    340.0313    881.6613   13.800  1.363E-05  9.774E-05  6.110E-02  1.329E-01  1.040E-04  5.268E-11
3_3.5  -- 2_2.5     32.7    340.2488    881.0977   13.810  1.943E-05  1.395E-04  8.132E-02  1.990E-01  1.485E-04  7.531E-11
4_3.5  -- 3_3.5     54.4    452.6286    662.3366   14.645  2.460E-07  1.566E-06  1.845E-02  8.132E-02  1.667E-06  1.991E-12
4_3.5  -- 3_2.5     54.4    453.3898    661.2245   14.652  6.656E-06  4.236E-05  1.845E-02  6.110E-02  4.509E-05  5.412E-11
4_4.5  -- 3_3.5     54.4    453.6073    660.9075   14.643  8.616E-06  5.474E-05  2.299E-02  8.132E-02  5.827E-05  7.004E-11
