* Radex version        : 30nov2011
* Geometry             : Uniform sphere
* Molecular data file  : /home/agnieszka/Pulpit/doktorat/Radex/data/cn.dat                               
* T(kin)            [K]:   75.000
* Density of H2  [cm-3]:  1.000E+05
* Density of pH2 [cm-3]:  5.194E+04
* Density of oH2 [cm-3]:  4.806E+04
* T(background)     [K]:    2.730
* Column density [cm-2]:  1.000E+14
* Line width     [km/s]:    1.000
Calculation finished in   29 iterations
      LINE         E_UP       FREQ        WAVEL     T_EX      TAU        T_R       POP        POP       FLUX        FLUX
                   (K)        (GHz)       (um)      (K)                  (K)        UP        LOW      (K*km/s) (erg/cm2/s)
1_0.5  -- 0_0.5      5.4    113.1687   2649.0764   10.512  8.654E-01  4.151E+00  1.558E-01  2.611E-01  4.419E+00  8.249E-08
1_1.5  -- 0_0.5      5.5    113.4949   2641.4615   13.450  1.429E+00  7.646E+00  3.484E-01  2.611E-01  8.139E+00  1.532E-07
2_1.5  -- 1_1.5     16.3    226.3327   1324.5652    6.225  4.725E-01  7.875E-01  6.084E-02  3.484E-01  8.383E-01  1.252E-07
2_1.5  -- 1_0.5     16.3    226.6590   1322.6586    6.660  2.060E+00  2.123E+00  6.084E-02  1.558E-01  2.260E+00  3.390E-07
2_2.5  -- 1_1.5     16.3    226.8765   1321.3907    8.258  3.773E+00  3.685E+00  1.398E-01  3.484E-01  3.923E+00  5.899E-07
3_2.5  -- 2_2.5     32.6    339.4876    883.0735    6.141  9.152E-02  1.043E-01  9.847E-03  1.398E-01  1.110E-01  5.595E-08
3_2.5  -- 2_1.5     32.6    340.0313    881.6613    7.329  8.027E-01  1.066E+00  9.847E-03  6.084E-02  1.135E+00  5.748E-07
3_3.5  -- 2_2.5     32.7    340.2488    881.0977    7.281  1.760E+00  1.571E+00  1.979E-02  1.398E-01  1.673E+00  8.486E-07
4_3.5  -- 3_3.5     54.4    452.6286    662.3366    8.254  7.184E-03  1.200E-02  1.424E-03  1.979E-02  1.277E-02  1.526E-08
4_3.5  -- 3_2.5     54.4    453.3898    661.2245    9.794  1.236E-01  3.069E-01  1.424E-03  9.847E-03  3.267E-01  3.921E-07
4_4.5  -- 3_3.5     54.4    453.6073    660.9075    9.046  2.465E-01  4.695E-01  2.229E-03  1.979E-02  4.997E-01  6.007E-07
