* Radex version        : 30nov2011
* Geometry             : Uniform sphere
* Molecular data file  : /home/agnieszka/Pulpit/doktorat/Radex/data/cn.dat                               
* T(kin)            [K]:   75.000
* Density of H2  [cm-3]:  1.000E+06
* Density of pH2 [cm-3]:  5.194E+05
* Density of oH2 [cm-3]:  4.806E+05
* T(background)     [K]:    2.730
* Column density [cm-2]:  1.000E+13
* Line width     [km/s]:    1.000
Calculation finished in   22 iterations
      LINE         E_UP       FREQ        WAVEL     T_EX      TAU        T_R       POP        POP       FLUX        FLUX
                   (K)        (GHz)       (um)      (K)                  (K)        UP        LOW      (K*km/s) (erg/cm2/s)
1_0.5  -- 0_0.5      5.4    113.1687   2649.0764  -27.840 -1.760E-02  5.594E-01  1.209E-01  9.948E-02  5.955E-01  1.112E-08
1_1.5  -- 0_0.5      5.5    113.4949   2641.4615  -28.169 -3.488E-02  1.130E+00  2.414E-01  9.948E-02  1.203E+00  2.265E-08
2_1.5  -- 1_1.5     16.3    226.3327   1324.5652   18.072  1.792E-02  2.305E-01  1.323E-01  2.414E-01  2.453E-01  3.663E-08
2_1.5  -- 1_0.5     16.3    226.6590   1322.6586   18.046  8.994E-02  1.113E+00  1.323E-01  1.209E-01  1.185E+00  1.777E-07
2_2.5  -- 1_1.5     16.3    226.8765   1321.3907   18.543  1.585E-01  1.968E+00  2.013E-01  2.414E-01  2.095E+00  3.150E-07
3_2.5  -- 2_2.5     32.6    339.4876    883.0735   13.963  9.762E-03  7.116E-02  6.267E-02  2.013E-01  7.574E-02  3.817E-08
3_2.5  -- 2_1.5     32.6    340.0313    881.6613   14.154  1.339E-01  9.386E-01  6.267E-02  1.323E-01  9.991E-01  5.059E-07
3_3.5  -- 2_2.5     32.7    340.2488    881.0977   14.275  1.932E-01  1.334E+00  8.550E-02  2.013E-01  1.420E+00  7.202E-07
4_3.5  -- 3_3.5     54.4    452.6286    662.3366   14.392  2.605E-03  1.602E-02  1.890E-02  8.550E-02  1.705E-02  2.037E-08
4_3.5  -- 3_2.5     54.4    453.3898    661.2245   14.639  6.830E-02  4.194E-01  1.890E-02  6.267E-02  4.465E-01  5.359E-07
4_4.5  -- 3_3.5     54.4    453.6073    660.9075   14.584  9.075E-02  5.469E-01  2.402E-02  8.550E-02  5.821E-01  6.997E-07
