* Radex version        : 30nov2011
* Geometry             : Uniform sphere
* Molecular data file  : /home/agnieszka/Pulpit/doktorat/Radex/data/cs.dat                               
* T(kin)            [K]:  200.000
* Density of H2  [cm-3]:  1.000E+04
* T(background)     [K]:    2.730
* Column density [cm-2]:  1.000E+10
* Line width     [km/s]:    1.000
Calculation finished in   10 iterations
      LINE         E_UP       FREQ        WAVEL     T_EX      TAU        T_R       POP        POP       FLUX        FLUX
                   (K)        (GHz)       (um)      (K)                  (K)        UP        LOW      (K*km/s) (erg/cm2/s)
2      -- 1          7.1     97.9810   3059.7014    4.243  9.281E-04  1.201E-03  2.544E-01  4.625E-01  1.279E-03  1.549E-11
3      -- 2         14.1    146.9690   2039.8342    4.324  5.518E-04  6.291E-04  6.972E-02  2.544E-01  6.697E-04  2.738E-11
4      -- 3         23.5    195.9542   1529.9108    5.802  1.436E-04  2.884E-04  1.773E-02  6.972E-02  3.070E-04  2.974E-11
5      -- 4         35.3    244.9356   1223.9646    9.321  3.172E-05  1.423E-04  6.138E-03  1.773E-02  1.515E-04  2.867E-11
6      -- 5         49.4    293.9121   1020.0072   13.820  9.627E-06  7.572E-05  2.614E-03  6.138E-03  8.060E-05  2.635E-11
7      -- 6         65.8    342.8829    874.3291   18.727  3.699E-06  4.309E-05  1.253E-03  2.614E-03  4.587E-05  2.381E-11
8      -- 7         84.6    391.8469    765.0755   23.622  1.648E-06  2.543E-05  6.404E-04  1.253E-03  2.707E-05  2.097E-11
9      -- 8        105.8    440.8032    680.1049   28.685  7.947E-07  1.541E-05  3.423E-04  6.404E-04  1.640E-05  1.809E-11
10     -- 9        129.3    489.7509    612.1325   33.607  4.074E-07  9.455E-06  1.880E-04  3.423E-04  1.006E-05  1.523E-11
