* Radex version        : 30nov2011
* Geometry             : Uniform sphere
* Molecular data file  : /home/agnieszka/Pulpit/doktorat/Radex/data/cs.dat                               
* T(kin)            [K]:  200.000
* Density of H2  [cm-3]:  1.000E+06
* T(background)     [K]:    2.730
* Column density [cm-2]:  1.000E+10
* Line width     [km/s]:    1.000
Calculation finished in   10 iterations
      LINE         E_UP       FREQ        WAVEL     T_EX      TAU        T_R       POP        POP       FLUX        FLUX
                   (K)        (GHz)       (um)      (K)                  (K)        UP        LOW      (K*km/s) (erg/cm2/s)
2      -- 1          7.1     97.9810   3059.7014  -65.089 -1.032E-05  7.065E-04  8.233E-02  4.596E-02  7.521E-04  9.111E-12
3      -- 2         14.1    146.9690   2039.8342 -105.824 -1.530E-05  1.683E-03  1.232E-01  8.233E-02  1.791E-03  7.323E-11
4      -- 3         23.5    195.9542   1529.9108  459.181  6.413E-06  2.913E-03  1.552E-01  1.232E-01  3.101E-03  3.005E-10
5      -- 4         35.3    244.9356   1223.9646   69.003  6.070E-05  3.832E-03  1.600E-01  1.552E-01  4.079E-03  7.720E-10
6      -- 5         49.4    293.9121   1020.0072   43.771  1.081E-04  3.999E-03  1.370E-01  1.600E-01  4.257E-03  1.392E-09
7      -- 6         65.8    342.8829    874.3291   37.377  1.181E-04  3.507E-03  1.018E-01  1.370E-01  3.734E-03  1.938E-09
8      -- 7         84.6    391.8469    765.0755   36.344  9.849E-05  2.731E-03  6.874E-02  1.018E-01  2.907E-03  2.253E-09
9      -- 8        105.8    440.8032    680.1049   37.611  7.034E-05  1.970E-03  4.378E-02  6.874E-02  2.097E-03  2.314E-09
10     -- 9        129.3    489.7509    612.1325   40.189  4.585E-05  1.356E-03  2.696E-02  4.378E-02  1.443E-03  2.183E-09
