* Radex version        : 30nov2011
* Geometry             : Uniform sphere
* Molecular data file  : /home/agnieszka/Pulpit/doktorat/Radex/data/cs.dat                               
* T(kin)            [K]:   30.000
* Density of H2  [cm-3]:  1.000E+04
* T(background)     [K]:    2.730
* Column density [cm-2]:  1.000E+07
* Line width     [km/s]:    1.000
Calculation finished in   10 iterations
      LINE         E_UP       FREQ        WAVEL     T_EX      TAU        T_R       POP        POP       FLUX        FLUX
                   (K)        (GHz)       (um)      (K)                  (K)        UP        LOW      (K*km/s) (erg/cm2/s)
2      -- 1          7.1     97.9810   3059.7014    3.274  1.118E-06  4.976E-07  1.942E-01  4.898E-01  5.297E-07  6.417E-15
3      -- 2         14.1    146.9690   2039.8342    3.335  4.604E-07  1.802E-07  3.278E-02  1.942E-01  1.918E-07  7.842E-15
4      -- 3         23.5    195.9542   1529.9108    4.059  7.588E-08  5.453E-08  4.156E-03  3.278E-02  5.805E-08  5.625E-15
5      -- 4         35.3    244.9356   1223.9646    6.240  8.800E-09  1.713E-08  7.722E-04  4.156E-03  1.824E-08  3.451E-15
6      -- 5         49.4    293.9121   1020.0072    8.989  1.499E-09  5.439E-09  1.900E-04  7.722E-04  5.790E-09  1.893E-15
7      -- 6         65.8    342.8829    874.3291   11.081  3.557E-10  1.700E-09  4.966E-05  1.900E-04  1.809E-09  9.393E-16
8      -- 7         84.6    391.8469    765.0755   12.691  9.195E-11  5.067E-10  1.279E-05  4.966E-05  5.393E-10  4.179E-16
9      -- 8        105.8    440.8032    680.1049   14.044  2.367E-11  1.425E-10  3.169E-06  1.279E-05  1.516E-10  1.673E-16
10     -- 9        129.3    489.7509    612.1325   15.202  5.898E-12  3.751E-11  7.462E-07  3.169E-06  3.993E-11  6.040E-17
