* Radex version        : 30nov2011
* Geometry             : Uniform sphere
* Molecular data file  : /home/agnieszka/Pulpit/doktorat/Radex/data/cs.dat                               
* T(kin)            [K]:  200.000
* Density of H2  [cm-3]:  1.000E+05
* T(background)     [K]:    2.730
* Column density [cm-2]:  1.000E+10
* Line width     [km/s]:    1.000
Calculation finished in   10 iterations
      LINE         E_UP       FREQ        WAVEL     T_EX      TAU        T_R       POP        POP       FLUX        FLUX
                   (K)        (GHz)       (um)      (K)                  (K)        UP        LOW      (K*km/s) (erg/cm2/s)
2      -- 1          7.1     97.9810   3059.7014  212.815  1.182E-05  2.476E-03  2.943E-01  1.805E-01  2.636E-03  3.193E-11
3      -- 2         14.1    146.9690   2039.8342   12.673  3.387E-04  3.013E-03  2.362E-01  2.943E-01  3.207E-03  1.311E-10
4      -- 3         23.5    195.9542   1529.9108   10.828  3.520E-04  2.283E-03  1.274E-01  2.362E-01  2.431E-03  2.355E-10
5      -- 4         35.3    244.9356   1223.9646   12.337  1.955E-04  1.411E-03  6.005E-02  1.274E-01  1.502E-03  2.842E-10
6      -- 5         49.4    293.9121   1020.0072   15.435  8.820E-05  8.256E-04  2.846E-02  6.005E-02  8.788E-04  2.874E-10
7      -- 6         65.8    342.8829    874.3291   19.428  3.934E-05  4.842E-04  1.408E-02  2.846E-02  5.155E-04  2.676E-10
8      -- 7         84.6    391.8469    765.0755   23.999  1.832E-05  2.894E-04  7.287E-03  1.408E-02  3.080E-04  2.387E-10
9      -- 8        105.8    440.8032    680.1049   28.828  9.012E-06  1.759E-04  3.910E-03  7.287E-03  1.873E-04  2.066E-10
10     -- 9        129.3    489.7509    612.1325   33.791  4.635E-06  1.084E-04  2.155E-03  3.910E-03  1.154E-04  1.746E-10
