* Radex version        : 30nov2011
* Geometry             : Uniform sphere
* Molecular data file  : /home/agnieszka/Pulpit/doktorat/Radex/data/cs.dat                               
* T(kin)            [K]:   75.000
* Density of H2  [cm-3]:  1.000E+06
* T(background)     [K]:    2.730
* Column density [cm-2]:  1.000E+09
* Line width     [km/s]:    1.000
Calculation finished in   10 iterations
      LINE         E_UP       FREQ        WAVEL     T_EX      TAU        T_R       POP        POP       FLUX        FLUX
                   (K)        (GHz)       (um)      (K)                  (K)        UP        LOW      (K*km/s) (erg/cm2/s)
2      -- 1          7.1     97.9810   3059.7014 -164.179 -7.828E-07  1.312E-04  1.542E-01  8.992E-02  1.396E-04  1.691E-12
3      -- 2         14.1    146.9690   2039.8342   96.290  2.937E-06  2.709E-04  2.007E-01  1.542E-01  2.884E-04  1.179E-11
4      -- 3         23.5    195.9542   1529.9108   34.295  1.236E-05  3.645E-04  1.961E-01  2.007E-01  3.880E-04  3.760E-11
5      -- 4         35.3    244.9356   1223.9646   23.987  1.897E-05  3.496E-04  1.468E-01  1.961E-01  3.721E-04  7.043E-11
6      -- 5         49.4    293.9121   1020.0072   21.477  1.733E-05  2.619E-04  8.998E-02  1.468E-01  2.788E-04  9.116E-11
7      -- 6         65.8    342.8829    874.3291   21.562  1.162E-05  1.666E-04  4.840E-02  8.998E-02  1.773E-04  9.206E-11
8      -- 7         84.6    391.8469    765.0755   22.832  6.508E-06  9.557E-05  2.407E-02  4.840E-02  1.017E-04  7.883E-11
9      -- 8        105.8    440.8032    680.1049   24.662  3.297E-06  5.134E-05  1.141E-02  2.407E-02  5.465E-05  6.028E-11
10     -- 9        129.3    489.7509    612.1325   26.745  1.578E-06  2.633E-05  5.237E-03  1.141E-02  2.803E-05  4.240E-11
