* Radex version        : 30nov2011
* Geometry             : Uniform sphere
* Molecular data file  : /home/agnieszka/Pulpit/doktorat/Radex/data/cs.dat                               
* T(kin)            [K]:   30.000
* Density of H2  [cm-3]:  1.000E+05
* T(background)     [K]:    2.730
* Column density [cm-2]:  1.000E+08
* Line width     [km/s]:    1.000
Calculation finished in   10 iterations
      LINE         E_UP       FREQ        WAVEL     T_EX      TAU        T_R       POP        POP       FLUX        FLUX
                   (K)        (GHz)       (um)      (K)                  (K)        UP        LOW      (K*km/s) (erg/cm2/s)
2      -- 1          7.1     97.9810   3059.7014    7.576  5.107E-06  2.270E-05  3.303E-01  3.687E-01  2.416E-05  2.927E-13
3      -- 2         14.1    146.9690   2039.8342    5.741  6.300E-06  1.476E-05  1.354E-01  3.303E-01  1.571E-05  6.423E-13
4      -- 3         23.5    195.9542   1529.9108    6.074  2.737E-06  6.100E-06  3.700E-02  1.354E-01  6.494E-06  6.293E-13
5      -- 4         35.3    244.9356   1223.9646    7.472  7.323E-07  2.135E-06  9.378E-03  3.700E-02  2.272E-06  4.300E-13
6      -- 5         49.4    293.9121   1020.0072    9.425  1.785E-07  7.116E-07  2.481E-03  9.378E-03  7.575E-07  2.477E-13
7      -- 6         65.8    342.8829    874.3291   11.291  4.607E-08  2.282E-07  6.666E-04  2.481E-03  2.429E-07  1.261E-13
8      -- 7         84.6    391.8469    765.0755   12.936  1.224E-08  6.995E-08  1.765E-04  6.666E-04  7.447E-08  5.770E-14
9      -- 8        105.8    440.8032    680.1049   14.310  3.242E-09  2.023E-08  4.499E-05  1.765E-04  2.153E-08  2.375E-14
10     -- 9        129.3    489.7509    612.1325   15.489  8.308E-10  5.480E-09  1.090E-05  4.499E-05  5.834E-09  8.825E-15
