* Radex version        : 30nov2011
* Geometry             : Uniform sphere
* Molecular data file  : /home/agnieszka/Pulpit/doktorat/Radex/data/cs.dat                               
* T(kin)            [K]:   75.000
* Density of H2  [cm-3]:  1.000E+05
* T(background)     [K]:    2.730
* Column density [cm-2]:  1.000E+07
* Line width     [km/s]:    1.000
Calculation finished in   10 iterations
      LINE         E_UP       FREQ        WAVEL     T_EX      TAU        T_R       POP        POP       FLUX        FLUX
                   (K)        (GHz)       (um)      (K)                  (K)        UP        LOW      (K*km/s) (erg/cm2/s)
2      -- 1          7.1     97.9810   3059.7014   14.086  2.391E-07  2.592E-06  3.356E-01  2.811E-01  2.759E-06  3.343E-14
3      -- 2         14.1    146.9690   2039.8342    7.803  5.384E-07  2.275E-06  1.903E-01  3.356E-01  2.421E-06  9.899E-14
4      -- 3         23.5    195.9542   1529.9108    7.922  3.395E-07  1.297E-06  7.464E-02  1.903E-01  1.380E-06  1.337E-13
5      -- 4         35.3    244.9356   1223.9646    9.716  1.308E-07  6.324E-07  2.721E-02  7.464E-02  6.732E-07  1.274E-13
6      -- 5         49.4    293.9121   1020.0072   12.504  4.511E-08  3.009E-07  1.041E-02  2.721E-02  3.203E-07  1.047E-13
7      -- 6         65.8    342.8829    874.3291   15.610  1.641E-08  1.438E-07  4.184E-03  1.041E-02  1.530E-07  7.944E-14
8      -- 7         84.6    391.8469    765.0755   18.706  6.357E-09  6.886E-08  1.735E-03  4.184E-03  7.331E-08  5.680E-14
9      -- 8        105.8    440.8032    680.1049   21.590  2.578E-09  3.275E-08  7.279E-04  1.735E-03  3.486E-08  3.846E-14
10     -- 9        129.3    489.7509    612.1325   24.266  1.068E-09  1.536E-08  3.054E-04  7.279E-04  1.635E-08  2.473E-14
