* Radex version        : 30nov2011
* Geometry             : Uniform sphere
* Molecular data file  : /home/agnieszka/Pulpit/doktorat/Radex/data/cs.dat                               
* T(kin)            [K]:  200.000
* Density of H2  [cm-3]:  1.000E+04
* T(background)     [K]:    2.730
* Column density [cm-2]:  1.000E+07
* Line width     [km/s]:    1.000
Calculation finished in   10 iterations
      LINE         E_UP       FREQ        WAVEL     T_EX      TAU        T_R       POP        POP       FLUX        FLUX
                   (K)        (GHz)       (um)      (K)                  (K)        UP        LOW      (K*km/s) (erg/cm2/s)
2      -- 1          7.1     97.9810   3059.7014    4.242  9.283E-07  1.201E-06  2.544E-01  4.625E-01  1.279E-06  1.549E-14
3      -- 2         14.1    146.9690   2039.8342    4.324  5.518E-07  6.291E-07  6.971E-02  2.544E-01  6.697E-07  2.738E-14
4      -- 3         23.5    195.9542   1529.9108    5.803  1.436E-07  2.884E-07  1.772E-02  6.971E-02  3.070E-07  2.974E-14
5      -- 4         35.3    244.9356   1223.9646    9.322  3.172E-08  1.423E-07  6.138E-03  1.772E-02  1.515E-07  2.867E-14
6      -- 5         49.4    293.9121   1020.0072   13.820  9.626E-09  7.572E-08  2.614E-03  6.138E-03  8.060E-08  2.635E-14
7      -- 6         65.8    342.8829    874.3291   18.727  3.699E-09  4.309E-08  1.253E-03  2.614E-03  4.587E-08  2.381E-14
8      -- 7         84.6    391.8469    765.0755   23.622  1.648E-09  2.543E-08  6.404E-04  1.253E-03  2.707E-08  2.097E-14
9      -- 8        105.8    440.8032    680.1049   28.685  7.947E-10  1.541E-08  3.423E-04  6.404E-04  1.640E-08  1.809E-14
10     -- 9        129.3    489.7509    612.1325   33.607  4.074E-10  9.455E-09  1.880E-04  3.423E-04  1.006E-08  1.523E-14
