* Radex version        : 30nov2011
* Geometry             : Uniform sphere
* Molecular data file  : /home/agnieszka/Pulpit/doktorat/Radex/data/cs.dat                               
* T(kin)            [K]:   30.000
* Density of H2  [cm-3]:  1.000E+06
* T(background)     [K]:    2.730
* Column density [cm-2]:  1.000E+08
* Line width     [km/s]:    1.000
Calculation finished in   10 iterations
      LINE         E_UP       FREQ        WAVEL     T_EX      TAU        T_R       POP        POP       FLUX        FLUX
                   (K)        (GHz)       (um)      (K)                  (K)        UP        LOW      (K*km/s) (erg/cm2/s)
2      -- 1          7.1     97.9810   3059.7014   39.213  5.574E-07  2.000E-05  2.434E-01  1.646E-01  2.129E-05  2.580E-13
3      -- 2         14.1    146.9690   2039.8342   20.543  1.907E-06  3.174E-05  2.417E-01  2.434E-01  3.379E-05  1.381E-12
4      -- 3         23.5    195.9542   1529.9108   14.753  2.925E-06  2.995E-05  1.643E-01  2.417E-01  3.188E-05  3.089E-12
5      -- 4         35.3    244.9356   1223.9646   13.019  2.439E-06  1.916E-05  8.140E-02  1.643E-01  2.039E-05  3.859E-12
6      -- 5         49.4    293.9121   1020.0072   12.948  1.324E-06  9.364E-06  3.236E-02  8.140E-02  9.968E-06  3.259E-12
7      -- 6         65.8    342.8829    874.3291   13.602  5.496E-07  3.822E-06  1.114E-02  3.236E-02  4.069E-06  2.112E-12
8      -- 7         84.6    391.8469    765.0755   14.556  1.936E-07  1.375E-06  3.468E-03  1.114E-02  1.464E-06  1.134E-12
9      -- 8        105.8    440.8032    680.1049   15.591  6.125E-08  4.487E-07  9.979E-04  3.468E-03  4.777E-07  5.269E-13
10     -- 9        129.3    489.7509    612.1325   16.579  1.788E-08  1.343E-07  2.672E-04  9.979E-04  1.430E-07  2.163E-13
