* Radex version        : 30nov2011
* Geometry             : Uniform sphere
* Molecular data file  : /home/agnieszka/Pulpit/doktorat/Radex/data/cs.dat                               
* T(kin)            [K]:   75.000
* Density of H2  [cm-3]:  1.000E+04
* T(background)     [K]:    2.730
* Column density [cm-2]:  1.000E+10
* Line width     [km/s]:    1.000
Calculation finished in   10 iterations
      LINE         E_UP       FREQ        WAVEL     T_EX      TAU        T_R       POP        POP       FLUX        FLUX
                   (K)        (GHz)       (um)      (K)                  (K)        UP        LOW      (K*km/s) (erg/cm2/s)
2      -- 1          7.1     97.9810   3059.7014    3.602  1.056E-03  7.663E-04  2.184E-01  4.835E-01  8.157E-04  9.882E-12
3      -- 2         14.1    146.9690   2039.8342    3.729  5.002E-04  3.384E-04  4.612E-02  2.184E-01  3.602E-04  1.472E-11
4      -- 3         23.5    195.9542   1529.9108    4.911  1.010E-04  1.328E-04  8.739E-03  4.612E-02  1.414E-04  1.370E-11
5      -- 4         35.3    244.9356   1223.9646    8.012  1.679E-05  5.645E-05  2.463E-03  8.739E-03  6.009E-05  1.137E-11
6      -- 5         49.4    293.9121   1020.0072   11.846  4.202E-06  2.555E-05  8.847E-04  2.463E-03  2.720E-05  8.893E-12
7      -- 6         65.8    342.8829    874.3291   15.324  1.409E-06  1.198E-05  3.488E-04  8.847E-04  1.276E-05  6.622E-12
8      -- 7         84.6    391.8469    765.0755   18.401  5.350E-07  5.646E-06  1.423E-04  3.488E-04  6.010E-06  4.657E-12
9      -- 8        105.8    440.8032    680.1049   21.222  2.135E-07  2.640E-06  5.868E-05  1.423E-04  2.810E-06  3.100E-12
10     -- 9        129.3    489.7509    612.1325   23.806  8.708E-08  1.215E-06  2.416E-05  5.868E-05  1.293E-06  1.957E-12
