* Radex version        : 30nov2011
* Geometry             : Uniform sphere
* Molecular data file  : /home/agnieszka/Pulpit/doktorat/Radex/data/cs.dat                               
* T(kin)            [K]:   75.000
* Density of H2  [cm-3]:  1.000E+06
* T(background)     [K]:    2.730
* Column density [cm-2]:  1.000E+07
* Line width     [km/s]:    1.000
Calculation finished in   10 iterations
      LINE         E_UP       FREQ        WAVEL     T_EX      TAU        T_R       POP        POP       FLUX        FLUX
                   (K)        (GHz)       (um)      (K)                  (K)        UP        LOW      (K*km/s) (erg/cm2/s)
2      -- 1          7.1     97.9810   3059.7014 -164.177 -7.828E-09  1.312E-06  1.542E-01  8.992E-02  1.396E-06  1.691E-14
3      -- 2         14.1    146.9690   2039.8342   96.291  2.937E-08  2.709E-06  2.007E-01  1.542E-01  2.884E-06  1.179E-13
4      -- 3         23.5    195.9542   1529.9108   34.294  1.236E-07  3.645E-06  1.961E-01  2.007E-01  3.880E-06  3.760E-13
5      -- 4         35.3    244.9356   1223.9646   23.987  1.897E-07  3.496E-06  1.468E-01  1.961E-01  3.722E-06  7.043E-13
6      -- 5         49.4    293.9121   1020.0072   21.477  1.733E-07  2.619E-06  8.998E-02  1.468E-01  2.788E-06  9.116E-13
7      -- 6         65.8    342.8829    874.3291   21.562  1.162E-07  1.666E-06  4.840E-02  8.998E-02  1.773E-06  9.206E-13
8      -- 7         84.6    391.8469    765.0755   22.832  6.508E-08  9.557E-07  2.407E-02  4.840E-02  1.017E-06  7.883E-13
9      -- 8        105.8    440.8032    680.1049   24.662  3.297E-08  5.134E-07  1.141E-02  2.407E-02  5.465E-07  6.028E-13
10     -- 9        129.3    489.7509    612.1325   26.745  1.578E-08  2.633E-07  5.237E-03  1.141E-02  2.803E-07  4.240E-13
