* Radex version        : 30nov2011
* Geometry             : Uniform sphere
* Molecular data file  : /home/agnieszka/Pulpit/doktorat/Radex/data/cs.dat                               
* T(kin)            [K]:   30.000
* Density of H2  [cm-3]:  1.000E+06
* T(background)     [K]:    2.730
* Column density [cm-2]:  1.000E+09
* Line width     [km/s]:    1.000
Calculation finished in   10 iterations
      LINE         E_UP       FREQ        WAVEL     T_EX      TAU        T_R       POP        POP       FLUX        FLUX
                   (K)        (GHz)       (um)      (K)                  (K)        UP        LOW      (K*km/s) (erg/cm2/s)
2      -- 1          7.1     97.9810   3059.7014   39.212  5.574E-06  2.000E-04  2.434E-01  1.646E-01  2.129E-04  2.580E-12
3      -- 2         14.1    146.9690   2039.8342   20.543  1.907E-05  3.174E-04  2.417E-01  2.434E-01  3.379E-04  1.381E-11
4      -- 3         23.5    195.9542   1529.9108   14.753  2.925E-05  2.995E-04  1.643E-01  2.417E-01  3.188E-04  3.089E-11
5      -- 4         35.3    244.9356   1223.9646   13.019  2.439E-05  1.916E-04  8.140E-02  1.643E-01  2.039E-04  3.859E-11
6      -- 5         49.4    293.9121   1020.0072   12.948  1.324E-05  9.364E-05  3.237E-02  8.140E-02  9.968E-05  3.259E-11
7      -- 6         65.8    342.8829    874.3291   13.602  5.496E-06  3.822E-05  1.114E-02  3.237E-02  4.069E-05  2.112E-11
8      -- 7         84.6    391.8469    765.0755   14.556  1.936E-06  1.375E-05  3.468E-03  1.114E-02  1.464E-05  1.134E-11
9      -- 8        105.8    440.8032    680.1049   15.591  6.125E-07  4.487E-06  9.979E-04  3.468E-03  4.777E-06  5.269E-12
10     -- 9        129.3    489.7509    612.1325   16.579  1.788E-07  1.343E-06  2.672E-04  9.979E-04  1.430E-06  2.163E-12
