* Radex version        : 30nov2011
* Geometry             : Uniform sphere
* Molecular data file  : /home/agnieszka/Pulpit/doktorat/Radex/data/cs.dat                               
* T(kin)            [K]:   30.000
* Density of H2  [cm-3]:  1.000E+04
* T(background)     [K]:    2.730
* Column density [cm-2]:  1.000E+08
* Line width     [km/s]:    1.000
Calculation finished in   10 iterations
      LINE         E_UP       FREQ        WAVEL     T_EX      TAU        T_R       POP        POP       FLUX        FLUX
                   (K)        (GHz)       (um)      (K)                  (K)        UP        LOW      (K*km/s) (erg/cm2/s)
2      -- 1          7.1     97.9810   3059.7014    3.274  1.118E-05  4.976E-06  1.942E-01  4.898E-01  5.297E-06  6.417E-14
3      -- 2         14.1    146.9690   2039.8342    3.335  4.604E-06  1.802E-06  3.278E-02  1.942E-01  1.918E-06  7.842E-14
4      -- 3         23.5    195.9542   1529.9108    4.059  7.588E-07  5.453E-07  4.156E-03  3.278E-02  5.805E-07  5.625E-14
5      -- 4         35.3    244.9356   1223.9646    6.240  8.800E-08  1.713E-07  7.722E-04  4.156E-03  1.824E-07  3.451E-14
6      -- 5         49.4    293.9121   1020.0072    8.989  1.499E-08  5.439E-08  1.900E-04  7.722E-04  5.790E-08  1.893E-14
7      -- 6         65.8    342.8829    874.3291   11.081  3.557E-09  1.700E-08  4.966E-05  1.900E-04  1.809E-08  9.393E-15
8      -- 7         84.6    391.8469    765.0755   12.691  9.195E-10  5.067E-09  1.279E-05  4.966E-05  5.393E-09  4.179E-15
9      -- 8        105.8    440.8032    680.1049   14.044  2.367E-10  1.425E-09  3.169E-06  1.279E-05  1.516E-09  1.673E-15
10     -- 9        129.3    489.7509    612.1325   15.202  5.898E-11  3.751E-10  7.462E-07  3.169E-06  3.993E-10  6.040E-16
