* Radex version        : 30nov2011
* Geometry             : Uniform sphere
* Molecular data file  : /home/agnieszka/Pulpit/doktorat/Radex/data/cs.dat                               
* T(kin)            [K]:  200.000
* Density of H2  [cm-3]:  1.000E+06
* T(background)     [K]:    2.730
* Column density [cm-2]:  1.000E+08
* Line width     [km/s]:    1.000
Calculation finished in   10 iterations
      LINE         E_UP       FREQ        WAVEL     T_EX      TAU        T_R       POP        POP       FLUX        FLUX
                   (K)        (GHz)       (um)      (K)                  (K)        UP        LOW      (K*km/s) (erg/cm2/s)
2      -- 1          7.1     97.9810   3059.7014  -65.088 -1.032E-07  7.065E-06  8.233E-02  4.596E-02  7.521E-06  9.111E-14
3      -- 2         14.1    146.9690   2039.8342 -105.818 -1.530E-07  1.683E-05  1.232E-01  8.233E-02  1.791E-05  7.323E-13
4      -- 3         23.5    195.9542   1529.9108  459.301  6.412E-08  2.913E-05  1.552E-01  1.232E-01  3.101E-05  3.005E-12
5      -- 4         35.3    244.9356   1223.9646   69.000  6.071E-07  3.832E-05  1.600E-01  1.552E-01  4.080E-05  7.720E-12
6      -- 5         49.4    293.9121   1020.0072   43.768  1.081E-06  4.000E-05  1.370E-01  1.600E-01  4.258E-05  1.392E-11
7      -- 6         65.8    342.8829    874.3291   37.375  1.181E-06  3.507E-05  1.018E-01  1.370E-01  3.734E-05  1.938E-11
8      -- 7         84.6    391.8469    765.0755   36.344  9.849E-07  2.731E-05  6.874E-02  1.018E-01  2.907E-05  2.253E-11
9      -- 8        105.8    440.8032    680.1049   37.611  7.034E-07  1.970E-05  4.378E-02  6.874E-02  2.097E-05  2.314E-11
10     -- 9        129.3    489.7509    612.1325   40.189  4.585E-07  1.356E-05  2.696E-02  4.378E-02  1.443E-05  2.183E-11
