\BOOKMARK [1][-]{section.1}{Introduction}{}% 1
\BOOKMARK [1][-]{section.2}{Observations}{}% 2
\BOOKMARK [2][-]{subsection.2.1}{IRAM data and reduction process}{section.2}% 3
\BOOKMARK [2][-]{subsection.2.2}{Physical properties of embedded protostars}{section.2}% 4
\BOOKMARK [1][-]{section.3}{Results}{}% 5
\BOOKMARK [2][-]{subsection.3.1}{Molecular emission maps}{section.3}% 6
\BOOKMARK [2][-]{subsection.3.2}{Comparison of the spatial extent of CN and HCN}{section.3}% 7
\BOOKMARK [2][-]{subsection.3.3}{Line profiles}{section.3}% 8
\BOOKMARK [1][-]{section.4}{Analysis}{}% 9
\BOOKMARK [2][-]{subsection.4.1}{Lines column densities}{section.4}% 10
\BOOKMARK [2][-]{subsection.4.2}{RADEX modelling}{section.4}% 11
\BOOKMARK [1][-]{section.5}{Discussion}{}% 12
\BOOKMARK [2][-]{subsection.5.1}{Astrochemical model}{section.5}% 13
\BOOKMARK [1][-]{section.6}{Conclusions}{}% 14
\BOOKMARK [1][-]{appendix.A}{Spectral Energy Distributions}{}% 15
\BOOKMARK [1][-]{appendix.B}{Molecular emission maps}{}% 16
\BOOKMARK [1][-]{appendix.C}{Flux correlations}{}% 17
\BOOKMARK [1][-]{appendix.D}{Wings emission}{}% 18
\BOOKMARK [1][-]{appendix.E}{Astrochemical models}{}% 19
\BOOKMARK [1][-]{appendix.F}{Dominant reactions in CN, HCN chemistry}{}% 20
