* Radex version        : 30nov2011
* Geometry             : Uniform sphere
* Molecular data file  : /home/agnieszka/Pulpit/doktorat/Radex/data/cn.dat                               
* T(kin)            [K]:  200.000
* Density of H2  [cm-3]:  1.000E+04
* Density of pH2 [cm-3]:  2.500E+03
* Density of oH2 [cm-3]:  7.500E+03
* T(background)     [K]:    2.730
* Column density [cm-2]:  1.000E+10
* Line width     [km/s]:    1.000
Calculation finished in   10 iterations
      LINE         E_UP       FREQ        WAVEL     T_EX      TAU        T_R       POP        POP       FLUX        FLUX
                   (K)        (GHz)       (um)      (K)                  (K)        UP        LOW      (K*km/s) (erg/cm2/s)
1_0.5  -- 0_0.5      5.4    113.1687   2649.0764    3.561  3.733E-04  2.424E-04  1.264E-01  5.809E-01  2.580E-04  4.816E-12
1_1.5  -- 0_0.5      5.5    113.4949   2641.4615    3.556  7.484E-04  4.823E-04  2.511E-01  5.809E-01  5.134E-04  9.666E-12
2_1.5  -- 1_1.5     16.3    226.3327   1324.5652    3.797  3.891E-05  1.760E-05  1.437E-02  2.511E-01  1.873E-05  2.797E-12
2_1.5  -- 1_0.5     16.3    226.6590   1322.6586    3.794  1.958E-04  8.804E-05  1.437E-02  1.264E-01  9.372E-05  1.405E-11
2_2.5  -- 1_1.5     16.3    226.8765   1321.3907    3.797  3.502E-04  1.578E-04  2.141E-02  2.511E-01  1.680E-04  2.526E-11
3_2.5  -- 2_2.5     32.6    339.4876    883.0735    6.704  1.375E-06  2.104E-06  1.884E-03  2.141E-02  2.240E-06  1.129E-12
3_2.5  -- 2_1.5     32.6    340.0313    881.6613    6.696  1.939E-05  2.951E-05  1.884E-03  1.437E-02  3.142E-05  1.591E-11
3_3.5  -- 2_2.5     32.7    340.2488    881.0977    6.706  2.751E-05  4.199E-05  2.500E-03  2.141E-02  4.469E-05  2.267E-11
4_3.5  -- 3_3.5     54.4    452.6286    662.3366   13.219  7.890E-08  4.102E-07  4.834E-04  2.500E-03  4.367E-07  5.215E-13
4_3.5  -- 3_2.5     54.4    453.3898    661.2245   13.203  2.143E-06  1.109E-05  4.834E-04  1.884E-03  1.181E-05  1.418E-11
4_4.5  -- 3_3.5     54.4    453.6073    660.9075   13.217  2.764E-06  1.433E-05  6.020E-04  2.500E-03  1.526E-05  1.834E-11
