* Radex version        : 30nov2011
* Geometry             : Uniform sphere
* Molecular data file  : /home/agnieszka/Pulpit/doktorat/Radex/data/cn.dat                               
* T(kin)            [K]:   50.000
* Density of H2  [cm-3]:  1.000E+05
* Density of pH2 [cm-3]:  7.711E+04
* Density of oH2 [cm-3]:  2.289E+04
* T(background)     [K]:    2.730
* Column density [cm-2]:  1.000E+06
* Line width     [km/s]:    1.000
Calculation finished in   10 iterations
      LINE         E_UP       FREQ        WAVEL     T_EX      TAU        T_R       POP        POP       FLUX        FLUX
                   (K)        (GHz)       (um)      (K)                  (K)        UP        LOW      (K*km/s) (erg/cm2/s)
1_0.5  -- 0_0.5      5.4    113.1687   2649.0764    6.158  1.941E-08  5.776E-08  1.669E-01  4.032E-01  6.148E-08  1.148E-15
1_1.5  -- 0_0.5      5.5    113.4949   2641.4615    6.139  3.898E-08  1.152E-07  3.321E-01  4.032E-01  1.227E-07  2.310E-15
2_1.5  -- 1_1.5     16.3    226.3327   1324.5652    4.774  4.897E-09  5.079E-09  3.413E-02  3.321E-01  5.407E-09  8.073E-16
2_1.5  -- 1_0.5     16.3    226.6590   1322.6586    4.770  2.462E-08  2.543E-08  3.413E-02  1.669E-01  2.707E-08  4.059E-15
2_2.5  -- 1_1.5     16.3    226.8765   1321.3907    4.773  4.408E-08  4.555E-08  5.089E-02  3.321E-01  4.849E-08  7.293E-15
3_2.5  -- 2_2.5     32.6    339.4876    883.0735    6.895  3.246E-10  5.361E-10  4.791E-03  5.089E-02  5.707E-10  2.876E-16
3_2.5  -- 2_1.5     32.6    340.0313    881.6613    6.889  4.576E-09  7.519E-09  4.791E-03  3.413E-02  8.004E-09  4.052E-15
3_3.5  -- 2_2.5     32.7    340.2488    881.0977    6.893  6.496E-09  1.068E-08  6.349E-03  5.089E-02  1.137E-08  5.768E-15
4_3.5  -- 3_3.5     54.4    452.6286    662.3366    9.346  2.241E-11  5.263E-11  6.213E-04  6.349E-03  5.602E-11  6.691E-17
4_3.5  -- 3_2.5     54.4    453.3898    661.2245    9.338  6.091E-10  1.423E-09  6.213E-04  4.791E-03  1.515E-09  1.819E-15
4_4.5  -- 3_3.5     54.4    453.6073    660.9075    9.348  7.846E-10  1.837E-09  7.730E-04  6.349E-03  1.956E-09  2.351E-15
