* Radex version        : 30nov2011
* Geometry             : Uniform sphere
* Molecular data file  : /home/agnieszka/Pulpit/doktorat/Radex/data/cn.dat                               
* T(kin)            [K]:   75.000
* Density of H2  [cm-3]:  1.000E+04
* Density of pH2 [cm-3]:  5.194E+03
* Density of oH2 [cm-3]:  4.806E+03
* T(background)     [K]:    2.730
* Column density [cm-2]:  1.000E+10
* Line width     [km/s]:    1.000
Calculation finished in   10 iterations
      LINE         E_UP       FREQ        WAVEL     T_EX      TAU        T_R       POP        POP       FLUX        FLUX
                   (K)        (GHz)       (um)      (K)                  (K)        UP        LOW      (K*km/s) (erg/cm2/s)
1_0.5  -- 0_0.5      5.4    113.1687   2649.0764    3.144  4.305E-04  1.350E-04  1.133E-01  6.374E-01  1.437E-04  2.682E-12
1_1.5  -- 0_0.5      5.5    113.4949   2641.4615    3.142  8.626E-04  2.687E-04  2.252E-01  6.374E-01  2.861E-04  5.386E-12
2_1.5  -- 1_1.5     16.3    226.3327   1324.5652    3.366  3.555E-05  8.584E-06  8.933E-03  2.252E-01  9.138E-06  1.364E-12
2_1.5  -- 1_0.5     16.3    226.6590   1322.6586    3.364  1.788E-04  4.296E-05  8.933E-03  1.133E-01  4.573E-05  6.858E-12
2_2.5  -- 1_1.5     16.3    226.8765   1321.3907    3.367  3.199E-04  7.706E-05  1.331E-02  2.252E-01  8.203E-05  1.234E-11
3_2.5  -- 2_2.5     32.6    339.4876    883.0735    5.386  8.917E-07  7.041E-07  6.461E-04  1.331E-02  7.495E-07  3.777E-13
3_2.5  -- 2_1.5     32.6    340.0313    881.6613    5.382  1.257E-05  9.875E-06  6.461E-04  8.933E-03  1.051E-05  5.322E-12
3_3.5  -- 2_2.5     32.7    340.2488    881.0977    5.392  1.784E-05  1.407E-05  8.585E-04  1.331E-02  1.498E-05  7.597E-12
4_3.5  -- 3_3.5     54.4    452.6286    662.3366   10.647  2.922E-08  9.461E-08  1.116E-04  8.585E-04  1.007E-07  1.203E-13
4_3.5  -- 3_2.5     54.4    453.3898    661.2245   10.647  7.921E-07  2.559E-06  1.116E-04  6.461E-04  2.724E-06  3.270E-12
4_4.5  -- 3_3.5     54.4    453.6073    660.9075   10.651  1.023E-06  3.306E-06  1.390E-04  8.585E-04  3.519E-06  4.230E-12
