* Radex version        : 30nov2011
* Geometry             : Uniform sphere
* Molecular data file  : /home/agnieszka/Pulpit/doktorat/Radex/data/cn.dat                               
* T(kin)            [K]:   50.000
* Density of H2  [cm-3]:  1.000E+05
* Density of pH2 [cm-3]:  7.711E+04
* Density of oH2 [cm-3]:  2.289E+04
* T(background)     [K]:    2.730
* Column density [cm-2]:  1.000E+10
* Line width     [km/s]:    1.000
Calculation finished in   10 iterations
      LINE         E_UP       FREQ        WAVEL     T_EX      TAU        T_R       POP        POP       FLUX        FLUX
                   (K)        (GHz)       (um)      (K)                  (K)        UP        LOW      (K*km/s) (erg/cm2/s)
1_0.5  -- 0_0.5      5.4    113.1687   2649.0764    6.159  1.940E-04  5.775E-04  1.669E-01  4.032E-01  6.148E-04  1.148E-11
1_1.5  -- 0_0.5      5.5    113.4949   2641.4615    6.140  3.898E-04  1.152E-03  3.321E-01  4.032E-01  1.227E-03  2.309E-11
2_1.5  -- 1_1.5     16.3    226.3327   1324.5652    4.774  4.897E-05  5.079E-05  3.413E-02  3.321E-01  5.407E-05  8.073E-12
2_1.5  -- 1_0.5     16.3    226.6590   1322.6586    4.770  2.462E-04  2.543E-04  3.413E-02  1.669E-01  2.707E-04  4.059E-11
2_2.5  -- 1_1.5     16.3    226.8765   1321.3907    4.773  4.409E-04  4.555E-04  5.089E-02  3.321E-01  4.849E-04  7.293E-11
3_2.5  -- 2_2.5     32.6    339.4876    883.0735    6.895  3.247E-06  5.361E-06  4.791E-03  5.089E-02  5.707E-06  2.876E-12
3_2.5  -- 2_1.5     32.6    340.0313    881.6613    6.888  4.576E-05  7.519E-05  4.791E-03  3.413E-02  8.004E-05  4.052E-11
3_3.5  -- 2_2.5     32.7    340.2488    881.0977    6.893  6.497E-05  1.068E-04  6.349E-03  5.089E-02  1.137E-04  5.768E-11
4_3.5  -- 3_3.5     54.4    452.6286    662.3366    9.346  2.241E-07  5.263E-07  6.213E-04  6.349E-03  5.603E-07  6.691E-13
4_3.5  -- 3_2.5     54.4    453.3898    661.2245    9.338  6.091E-06  1.424E-05  6.213E-04  4.791E-03  1.515E-05  1.819E-11
4_4.5  -- 3_3.5     54.4    453.6073    660.9075    9.347  7.846E-06  1.837E-05  7.730E-04  6.349E-03  1.956E-05  2.351E-11
