* Radex version        : 30nov2011
* Geometry             : Uniform sphere
* Molecular data file  : /home/agnieszka/Pulpit/doktorat/Radex/data/cn.dat                               
* T(kin)            [K]:   50.000
* Density of H2  [cm-3]:  1.000E+04
* Density of pH2 [cm-3]:  7.711E+03
* Density of oH2 [cm-3]:  2.289E+03
* T(background)     [K]:    2.730
* Column density [cm-2]:  1.000E+09
* Line width     [km/s]:    1.000
Calculation finished in   10 iterations
      LINE         E_UP       FREQ        WAVEL     T_EX      TAU        T_R       POP        POP       FLUX        FLUX
                   (K)        (GHz)       (um)      (K)                  (K)        UP        LOW      (K*km/s) (erg/cm2/s)
1_0.5  -- 0_0.5      5.4    113.1687   2649.0764    3.033  4.477E-05  1.017E-05  1.092E-01  6.543E-01  1.083E-05  2.022E-13
1_1.5  -- 0_0.5      5.5    113.4949   2641.4615    3.032  8.971E-05  2.025E-05  2.170E-01  6.543E-01  2.155E-05  4.058E-13
2_1.5  -- 1_1.5     16.3    226.3327   1324.5652    3.218  3.445E-06  6.120E-07  7.424E-03  2.170E-01  6.515E-07  9.728E-14
2_1.5  -- 1_0.5     16.3    226.6590   1322.6586    3.217  1.733E-05  3.062E-06  7.424E-03  1.092E-01  3.260E-06  4.888E-13
2_2.5  -- 1_1.5     16.3    226.8765   1321.3907    3.219  3.100E-05  5.489E-06  1.105E-02  2.170E-01  5.843E-06  8.787E-13
3_2.5  -- 2_2.5     32.6    339.4876    883.0735    4.871  7.508E-08  4.157E-08  3.897E-04  1.105E-02  4.426E-08  2.230E-14
3_2.5  -- 2_1.5     32.6    340.0313    881.6613    4.868  1.060E-06  5.831E-07  3.897E-04  7.424E-03  6.207E-07  3.143E-13
3_3.5  -- 2_2.5     32.7    340.2488    881.0977    4.873  1.502E-06  8.286E-07  5.164E-04  1.105E-02  8.821E-07  4.475E-13
4_3.5  -- 3_3.5     54.4    452.6286    662.3366    9.481  1.816E-09  4.425E-09  5.224E-05  5.164E-04  4.710E-09  5.625E-15
4_3.5  -- 3_2.5     54.4    453.3898    661.2245    9.472  4.936E-08  1.197E-07  5.224E-05  3.897E-04  1.274E-07  1.529E-13
4_4.5  -- 3_3.5     54.4    453.6073    660.9075    9.487  6.358E-08  1.546E-07  6.506E-05  5.164E-04  1.646E-07  1.979E-13
