* Radex version        : 30nov2011
* Geometry             : Uniform sphere
* Molecular data file  : /home/agnieszka/Pulpit/doktorat/Radex/data/cn.dat                               
* T(kin)            [K]:   75.000
* Density of H2  [cm-3]:  1.000E+05
* Density of pH2 [cm-3]:  5.194E+04
* Density of oH2 [cm-3]:  4.806E+04
* T(background)     [K]:    2.730
* Column density [cm-2]:  1.000E+06
* Line width     [km/s]:    1.000
Calculation finished in   10 iterations
      LINE         E_UP       FREQ        WAVEL     T_EX      TAU        T_R       POP        POP       FLUX        FLUX
                   (K)        (GHz)       (um)      (K)                  (K)        UP        LOW      (K*km/s) (erg/cm2/s)
1_0.5  -- 0_0.5      5.4    113.1687   2649.0764    8.044  1.388E-08  6.624E-08  1.753E-01  3.443E-01  7.051E-08  1.316E-15
1_1.5  -- 0_0.5      5.5    113.4949   2641.4615    8.017  2.790E-08  1.323E-07  3.491E-01  3.443E-01  1.409E-07  2.652E-15
2_1.5  -- 1_1.5     16.3    226.3327   1324.5652    5.245  5.013E-09  6.816E-09  4.400E-02  3.491E-01  7.255E-09  1.083E-15
2_1.5  -- 1_0.5     16.3    226.6590   1322.6586    5.241  2.518E-08  3.413E-08  4.400E-02  1.753E-01  3.633E-08  5.448E-15
2_2.5  -- 1_1.5     16.3    226.8765   1321.3907    5.246  4.513E-08  6.124E-08  6.570E-02  3.491E-01  6.519E-08  9.805E-15
3_2.5  -- 2_2.5     32.6    339.4876    883.0735    7.628  4.081E-10  8.735E-10  7.762E-03  6.570E-02  9.299E-10  4.686E-16
3_2.5  -- 2_1.5     32.6    340.0313    881.6613    7.624  5.742E-09  1.225E-08  7.762E-03  4.400E-02  1.304E-08  6.603E-15
3_3.5  -- 2_2.5     32.7    340.2488    881.0977    7.635  8.163E-09  1.746E-08  1.032E-02  6.570E-02  1.859E-08  9.430E-15
4_3.5  -- 3_3.5     54.4    452.6286    662.3366   10.440  3.533E-11  1.092E-10  1.288E-03  1.032E-02  1.163E-10  1.389E-16
4_3.5  -- 3_2.5     54.4    453.3898    661.2245   10.444  9.571E-10  2.954E-09  1.288E-03  7.762E-03  3.145E-09  3.775E-15
4_4.5  -- 3_3.5     54.4    453.6073    660.9075   10.441  1.237E-09  3.814E-09  1.604E-03  1.032E-02  4.060E-09  4.880E-15
