* Radex version        : 30nov2011
* Geometry             : Uniform sphere
* Molecular data file  : /home/agnieszka/Pulpit/doktorat/Radex/data/cn.dat                               
* T(kin)            [K]:   75.000
* Density of H2  [cm-3]:  1.000E+04
* Density of pH2 [cm-3]:  5.194E+03
* Density of oH2 [cm-3]:  4.806E+03
* T(background)     [K]:    2.730
* Column density [cm-2]:  1.000E+08
* Line width     [km/s]:    1.000
Calculation finished in   10 iterations
      LINE         E_UP       FREQ        WAVEL     T_EX      TAU        T_R       POP        POP       FLUX        FLUX
                   (K)        (GHz)       (um)      (K)                  (K)        UP        LOW      (K*km/s) (erg/cm2/s)
1_0.5  -- 0_0.5      5.4    113.1687   2649.0764    3.144  4.305E-06  1.350E-06  1.133E-01  6.374E-01  1.437E-06  2.682E-14
1_1.5  -- 0_0.5      5.5    113.4949   2641.4615    3.142  8.626E-06  2.688E-06  2.252E-01  6.374E-01  2.861E-06  5.387E-14
2_1.5  -- 1_1.5     16.3    226.3327   1324.5652    3.366  3.555E-07  8.584E-08  8.932E-03  2.252E-01  9.138E-08  1.364E-14
2_1.5  -- 1_0.5     16.3    226.6590   1322.6586    3.364  1.788E-06  4.296E-07  8.932E-03  1.133E-01  4.573E-07  6.858E-14
2_2.5  -- 1_1.5     16.3    226.8765   1321.3907    3.367  3.199E-06  7.707E-07  1.331E-02  2.252E-01  8.204E-07  1.234E-13
3_2.5  -- 2_2.5     32.6    339.4876    883.0735    5.386  8.917E-09  7.041E-09  6.461E-04  1.331E-02  7.495E-09  3.777E-15
3_2.5  -- 2_1.5     32.6    340.0313    881.6613    5.382  1.257E-07  9.874E-08  6.461E-04  8.932E-03  1.051E-07  5.322E-14
3_3.5  -- 2_2.5     32.7    340.2488    881.0977    5.392  1.783E-07  1.407E-07  8.584E-04  1.331E-02  1.498E-07  7.597E-14
4_3.5  -- 3_3.5     54.4    452.6286    662.3366   10.648  2.922E-10  9.461E-10  1.116E-04  8.584E-04  1.007E-09  1.203E-15
4_3.5  -- 3_2.5     54.4    453.3898    661.2245   10.647  7.921E-09  2.559E-08  1.116E-04  6.461E-04  2.724E-08  3.270E-14
4_4.5  -- 3_3.5     54.4    453.6073    660.9075   10.651  1.023E-08  3.306E-08  1.390E-04  8.584E-04  3.519E-08  4.230E-14
