* Radex version        : 30nov2011
* Geometry             : Uniform sphere
* Molecular data file  : /home/agnieszka/Pulpit/doktorat/Radex/data/cn.dat                               
* T(kin)            [K]:   75.000
* Density of H2  [cm-3]:  1.000E+05
* Density of pH2 [cm-3]:  5.194E+04
* Density of oH2 [cm-3]:  4.806E+04
* T(background)     [K]:    2.730
* Column density [cm-2]:  1.000E+10
* Line width     [km/s]:    1.000
Calculation finished in   10 iterations
      LINE         E_UP       FREQ        WAVEL     T_EX      TAU        T_R       POP        POP       FLUX        FLUX
                   (K)        (GHz)       (um)      (K)                  (K)        UP        LOW      (K*km/s) (erg/cm2/s)
1_0.5  -- 0_0.5      5.4    113.1687   2649.0764    8.045  1.388E-04  6.623E-04  1.753E-01  3.443E-01  7.050E-04  1.316E-11
1_1.5  -- 0_0.5      5.5    113.4949   2641.4615    8.018  2.790E-04  1.323E-03  3.491E-01  3.443E-01  1.409E-03  2.652E-11
2_1.5  -- 1_1.5     16.3    226.3327   1324.5652    5.245  5.013E-05  6.816E-05  4.400E-02  3.491E-01  7.256E-05  1.083E-11
2_1.5  -- 1_0.5     16.3    226.6590   1322.6586    5.242  2.518E-04  3.412E-04  4.400E-02  1.753E-01  3.632E-04  5.447E-11
2_2.5  -- 1_1.5     16.3    226.8765   1321.3907    5.246  4.513E-04  6.124E-04  6.571E-02  3.491E-01  6.519E-04  9.804E-11
3_2.5  -- 2_2.5     32.6    339.4876    883.0735    7.628  4.081E-06  8.736E-06  7.762E-03  6.571E-02  9.299E-06  4.686E-12
3_2.5  -- 2_1.5     32.6    340.0313    881.6613    7.624  5.742E-05  1.225E-04  7.762E-03  4.400E-02  1.304E-04  6.603E-11
3_3.5  -- 2_2.5     32.7    340.2488    881.0977    7.635  8.164E-05  1.746E-04  1.032E-02  6.571E-02  1.859E-04  9.430E-11
4_3.5  -- 3_3.5     54.4    452.6286    662.3366   10.440  3.533E-07  1.092E-06  1.289E-03  1.032E-02  1.163E-06  1.389E-12
4_3.5  -- 3_2.5     54.4    453.3898    661.2245   10.444  9.571E-06  2.954E-05  1.289E-03  7.762E-03  3.145E-05  3.775E-11
4_4.5  -- 3_3.5     54.4    453.6073    660.9075   10.441  1.237E-05  3.814E-05  1.604E-03  1.032E-02  4.060E-05  4.880E-11
