* Radex version        : 30nov2011
* Geometry             : Uniform sphere
* Molecular data file  : /home/agnieszka/Pulpit/doktorat/Radex/data/cn.dat                               
* T(kin)            [K]:  200.000
* Density of H2  [cm-3]:  1.000E+06
* Density of pH2 [cm-3]:  2.500E+05
* Density of oH2 [cm-3]:  7.500E+05
* T(background)     [K]:    2.730
* Column density [cm-2]:  1.000E+09
* Line width     [km/s]:    1.000
Calculation finished in   10 iterations
      LINE         E_UP       FREQ        WAVEL     T_EX      TAU        T_R       POP        POP       FLUX        FLUX
                   (K)        (GHz)       (um)      (K)                  (K)        UP        LOW      (K*km/s) (erg/cm2/s)
1_0.5  -- 0_0.5      5.4    113.1687   2649.0764  -21.002 -1.350E-06  3.333E-05  7.211E-02  5.568E-02  3.548E-05  6.622E-13
1_1.5  -- 0_0.5      5.5    113.4949   2641.4615  -21.108 -2.694E-06  6.684E-05  1.441E-01  5.568E-02  7.115E-05  1.340E-12
2_1.5  -- 1_1.5     16.3    226.3327   1324.5652   97.754  2.491E-07  2.297E-05  1.290E-01  1.441E-01  2.446E-05  3.652E-12
2_1.5  -- 1_0.5     16.3    226.6590   1322.6586   97.404  1.252E-06  1.150E-04  1.290E-01  7.211E-02  1.224E-04  1.836E-11
2_2.5  -- 1_1.5     16.3    226.8765   1321.3907   96.607  2.272E-06  2.069E-04  1.932E-01  1.441E-01  2.202E-04  3.312E-11
3_2.5  -- 2_2.5     32.6    339.4876    883.0735   23.864  6.731E-07  1.117E-05  9.760E-02  1.932E-01  1.189E-05  5.991E-12
3_2.5  -- 2_1.5     32.6    340.0313    881.6613   23.847  9.454E-06  1.566E-04  9.760E-02  1.290E-01  1.667E-04  8.442E-11
3_3.5  -- 2_2.5     32.7    340.2488    881.0977   23.809  1.350E-05  2.232E-04  1.297E-01  1.932E-01  2.376E-04  1.205E-10
4_3.5  -- 3_3.5     54.4    452.6286    662.3366   22.138  3.173E-07  4.130E-06  4.863E-02  1.297E-01  4.396E-06  5.250E-12
4_3.5  -- 3_2.5     54.4    453.3898    661.2245   22.106  8.609E-06  1.117E-04  4.863E-02  9.760E-02  1.189E-04  1.427E-10
4_4.5  -- 3_3.5     54.4    453.6073    660.9075   22.103  1.113E-05  1.443E-04  6.056E-02  1.297E-01  1.536E-04  1.846E-10
