* Radex version        : 30nov2011
* Geometry             : Uniform sphere
* Molecular data file  : /home/agnieszka/Pulpit/doktorat/Radex/data/cn.dat                               
* T(kin)            [K]:   50.000
* Density of H2  [cm-3]:  1.000E+06
* Density of pH2 [cm-3]:  7.711E+05
* Density of oH2 [cm-3]:  2.289E+05
* T(background)     [K]:    2.730
* Column density [cm-2]:  1.000E+09
* Line width     [km/s]:    1.000
Calculation finished in   10 iterations
      LINE         E_UP       FREQ        WAVEL     T_EX      TAU        T_R       POP        POP       FLUX        FLUX
                   (K)        (GHz)       (um)      (K)                  (K)        UP        LOW      (K*km/s) (erg/cm2/s)
1_0.5  -- 0_0.5      5.4    113.1687   2649.0764  -37.075 -1.639E-06  6.675E-05  1.465E-01  1.265E-01  7.105E-05  1.326E-12
1_1.5  -- 0_0.5      5.5    113.4949   2641.4615  -37.522 -3.249E-06  1.337E-04  2.925E-01  1.265E-01  1.424E-04  2.680E-12
2_1.5  -- 1_1.5     16.3    226.3327   1324.5652   12.334  2.815E-06  2.106E-05  1.213E-01  2.925E-01  2.242E-05  3.348E-12
2_1.5  -- 1_0.5     16.3    226.6590   1322.6586   12.333  1.410E-05  1.055E-04  1.213E-01  1.465E-01  1.123E-04  1.684E-11
2_2.5  -- 1_1.5     16.3    226.8765   1321.3907   12.318  2.538E-05  1.894E-04  1.813E-01  2.925E-01  2.016E-04  3.032E-11
3_2.5  -- 2_2.5     32.6    339.4876    883.0735   11.598  9.634E-07  5.065E-06  4.450E-02  1.813E-01  5.392E-06  2.717E-12
3_2.5  -- 2_1.5     32.6    340.0313    881.6613   11.590  1.355E-05  7.103E-05  4.450E-02  1.213E-01  7.561E-05  3.828E-11
3_3.5  -- 2_2.5     32.7    340.2488    881.0977   11.591  1.929E-05  1.011E-04  5.909E-02  1.813E-01  1.076E-04  5.460E-11
4_3.5  -- 3_3.5     54.4    452.6286    662.3366   12.423  1.909E-07  8.723E-07  1.028E-02  5.909E-02  9.286E-07  1.109E-12
4_3.5  -- 3_2.5     54.4    453.3898    661.2245   12.415  5.181E-06  2.359E-05  1.028E-02  4.450E-02  2.512E-05  3.014E-11
4_4.5  -- 3_3.5     54.4    453.6073    660.9075   12.418  6.688E-06  3.046E-05  1.280E-02  5.909E-02  3.242E-05  3.897E-11
