* Radex version        : 30nov2011
* Geometry             : Uniform sphere
* Molecular data file  : /home/agnieszka/Pulpit/doktorat/Radex/data/cn.dat                               
* T(kin)            [K]:   50.000
* Density of H2  [cm-3]:  1.000E+06
* Density of pH2 [cm-3]:  7.711E+05
* Density of oH2 [cm-3]:  2.289E+05
* T(background)     [K]:    2.730
* Column density [cm-2]:  1.000E+06
* Line width     [km/s]:    1.000
Calculation finished in   10 iterations
      LINE         E_UP       FREQ        WAVEL     T_EX      TAU        T_R       POP        POP       FLUX        FLUX
                   (K)        (GHz)       (um)      (K)                  (K)        UP        LOW      (K*km/s) (erg/cm2/s)
1_0.5  -- 0_0.5      5.4    113.1687   2649.0764  -37.074 -1.639E-09  6.675E-08  1.465E-01  1.265E-01  7.105E-08  1.326E-15
1_1.5  -- 0_0.5      5.5    113.4949   2641.4615  -37.521 -3.249E-09  1.337E-07  2.925E-01  1.265E-01  1.424E-07  2.680E-15
2_1.5  -- 1_1.5     16.3    226.3327   1324.5652   12.334  2.815E-09  2.106E-08  1.213E-01  2.925E-01  2.242E-08  3.348E-15
2_1.5  -- 1_0.5     16.3    226.6590   1322.6586   12.333  1.410E-08  1.055E-07  1.213E-01  1.465E-01  1.123E-07  1.684E-14
2_2.5  -- 1_1.5     16.3    226.8765   1321.3907   12.318  2.539E-08  1.894E-07  1.813E-01  2.925E-01  2.016E-07  3.032E-14
3_2.5  -- 2_2.5     32.6    339.4876    883.0735   11.598  9.634E-10  5.065E-09  4.450E-02  1.813E-01  5.392E-09  2.717E-15
3_2.5  -- 2_1.5     32.6    340.0313    881.6613   11.590  1.355E-08  7.103E-08  4.450E-02  1.213E-01  7.561E-08  3.828E-14
3_3.5  -- 2_2.5     32.7    340.2488    881.0977   11.591  1.929E-08  1.011E-07  5.909E-02  1.813E-01  1.076E-07  5.460E-14
4_3.5  -- 3_3.5     54.4    452.6286    662.3366   12.423  1.909E-10  8.723E-10  1.028E-02  5.909E-02  9.286E-10  1.109E-15
4_3.5  -- 3_2.5     54.4    453.3898    661.2245   12.415  5.181E-09  2.359E-08  1.028E-02  4.450E-02  2.512E-08  3.014E-14
4_4.5  -- 3_3.5     54.4    453.6073    660.9075   12.418  6.688E-09  3.046E-08  1.280E-02  5.909E-02  3.242E-08  3.897E-14
