* Radex version        : 30nov2011
* Geometry             : Uniform sphere
* Molecular data file  : /home/agnieszka/Pulpit/doktorat/Radex/data/cn.dat                               
* T(kin)            [K]:   50.000
* Density of H2  [cm-3]:  1.000E+06
* Density of pH2 [cm-3]:  7.711E+05
* Density of oH2 [cm-3]:  2.289E+05
* T(background)     [K]:    2.730
* Column density [cm-2]:  1.000E+10
* Line width     [km/s]:    1.000
Calculation finished in   10 iterations
      LINE         E_UP       FREQ        WAVEL     T_EX      TAU        T_R       POP        POP       FLUX        FLUX
                   (K)        (GHz)       (um)      (K)                  (K)        UP        LOW      (K*km/s) (erg/cm2/s)
1_0.5  -- 0_0.5      5.4    113.1687   2649.0764  -37.082 -1.639E-05  6.675E-04  1.465E-01  1.265E-01  7.105E-04  1.326E-11
1_1.5  -- 0_0.5      5.5    113.4949   2641.4615  -37.529 -3.248E-05  1.337E-03  2.925E-01  1.265E-01  1.424E-03  2.680E-11
2_1.5  -- 1_1.5     16.3    226.3327   1324.5652   12.335  2.815E-05  2.106E-04  1.213E-01  2.925E-01  2.242E-04  3.348E-11
2_1.5  -- 1_0.5     16.3    226.6590   1322.6586   12.334  1.410E-04  1.055E-03  1.213E-01  1.465E-01  1.123E-03  1.683E-10
2_2.5  -- 1_1.5     16.3    226.8765   1321.3907   12.319  2.538E-04  1.893E-03  1.813E-01  2.925E-01  2.016E-03  3.031E-10
3_2.5  -- 2_2.5     32.6    339.4876    883.0735   11.598  9.634E-06  5.065E-05  4.450E-02  1.813E-01  5.392E-05  2.717E-11
3_2.5  -- 2_1.5     32.6    340.0313    881.6613   11.590  1.355E-04  7.103E-04  4.450E-02  1.213E-01  7.561E-04  3.828E-10
3_3.5  -- 2_2.5     32.7    340.2488    881.0977   11.591  1.929E-04  1.011E-03  5.909E-02  1.813E-01  1.076E-03  5.460E-10
4_3.5  -- 3_3.5     54.4    452.6286    662.3366   12.423  1.909E-06  8.723E-06  1.028E-02  5.909E-02  9.286E-06  1.109E-11
4_3.5  -- 3_2.5     54.4    453.3898    661.2245   12.415  5.181E-05  2.359E-04  1.028E-02  4.450E-02  2.512E-04  3.014E-10
4_4.5  -- 3_3.5     54.4    453.6073    660.9075   12.418  6.688E-05  3.046E-04  1.280E-02  5.909E-02  3.242E-04  3.897E-10
