* Radex version        : 30nov2011
* Geometry             : Uniform sphere
* Molecular data file  : /home/agnieszka/Pulpit/doktorat/Radex/data/cs.dat                               
* T(kin)            [K]:   50.000
* Density of H2  [cm-3]:  1.000E+04
* T(background)     [K]:    2.730
* Column density [cm-2]:  1.000E+06
* Line width     [km/s]:    1.000
Calculation finished in   10 iterations
      LINE         E_UP       FREQ        WAVEL     T_EX      TAU        T_R       POP        POP       FLUX        FLUX
                   (K)        (GHz)       (um)      (K)                  (K)        UP        LOW      (K*km/s) (erg/cm2/s)
2      -- 1          7.1     97.9810   3059.7014    3.437  1.088E-07  6.345E-08  2.067E-01  4.872E-01  6.755E-08  8.183E-16
3      -- 2         14.1    146.9690   2039.8342    3.540  4.814E-08  2.589E-08  3.947E-02  2.067E-01  2.756E-08  1.127E-15
4      -- 3         23.5    195.9542   1529.9108    4.539  8.857E-09  9.258E-09  6.392E-03  3.947E-02  9.856E-09  9.550E-16
5      -- 4         35.3    244.9356   1223.9646    7.291  1.278E-09  3.537E-09  1.558E-03  6.392E-03  3.765E-09  7.124E-16
6      -- 5         49.4    293.9121   1020.0072   10.655  2.803E-10  1.411E-09  4.900E-04  1.558E-03  1.502E-09  4.912E-16
7      -- 6         65.8    342.8829    874.3291   13.481  8.360E-11  5.724E-10  1.668E-04  4.900E-04  6.093E-10  3.163E-16
8      -- 7         84.6    391.8469    765.0755   15.832  2.778E-11  2.286E-10  5.764E-05  1.668E-04  2.434E-10  1.886E-16
9      -- 8        105.8    440.8032    680.1049   17.915  9.501E-12  8.897E-11  1.978E-05  5.764E-05  9.471E-11  1.045E-16
10     -- 9        129.3    489.7509    612.1325   19.771  3.253E-12  3.348E-11  6.659E-06  1.978E-05  3.564E-11  5.391E-17
