* Radex version        : 30nov2011
* Geometry             : Uniform sphere
* Molecular data file  : /home/agnieszka/Pulpit/doktorat/Radex/data/cs.dat                               
* T(kin)            [K]:   50.000
* Density of H2  [cm-3]:  1.000E+05
* T(background)     [K]:    2.730
* Column density [cm-2]:  1.000E+09
* Line width     [km/s]:    1.000
Calculation finished in   10 iterations
      LINE         E_UP       FREQ        WAVEL     T_EX      TAU        T_R       POP        POP       FLUX        FLUX
                   (K)        (GHz)       (um)      (K)                  (K)        UP        LOW      (K*km/s) (erg/cm2/s)
2      -- 1          7.1     97.9810   3059.7014   10.187  3.563E-05  2.492E-04  3.379E-01  3.216E-01  2.652E-04  3.213E-12
3      -- 2         14.1    146.9690   2039.8342    6.749  5.906E-05  1.920E-04  1.663E-01  3.379E-01  2.043E-04  8.354E-12
4      -- 3         23.5    195.9542   1529.9108    7.058  3.144E-05  9.622E-05  5.642E-02  1.663E-01  1.024E-04  9.925E-12
5      -- 4         35.3    244.9356   1223.9646    8.732  1.042E-05  4.143E-05  1.795E-02  5.642E-02  4.410E-05  8.345E-12
6      -- 5         49.4    293.9121   1020.0072   11.185  3.153E-06  1.733E-05  6.009E-03  1.795E-02  1.845E-05  6.032E-12
7      -- 6         65.8    342.8829    874.3291   13.745  1.015E-06  7.187E-06  2.094E-03  6.009E-03  7.651E-06  3.972E-12
8      -- 7         84.6    391.8469    765.0755   16.147  3.452E-07  2.938E-06  7.406E-04  2.094E-03  3.127E-06  2.423E-12
9      -- 8        105.8    440.8032    680.1049   18.273  1.208E-07  1.170E-06  2.601E-04  7.406E-04  1.245E-06  1.374E-12
10     -- 9        129.3    489.7509    612.1325   20.194  4.230E-08  4.513E-07  8.976E-05  2.601E-04  4.804E-07  7.267E-13
