* Radex version        : 30nov2011
* Geometry             : Uniform sphere
* Molecular data file  : /home/agnieszka/Pulpit/doktorat/Radex/data/cs.dat                               
* T(kin)            [K]:  200.000
* Density of H2  [cm-3]:  1.000E+05
* T(background)     [K]:    2.730
* Column density [cm-2]:  1.000E+08
* Line width     [km/s]:    1.000
Calculation finished in   10 iterations
      LINE         E_UP       FREQ        WAVEL     T_EX      TAU        T_R       POP        POP       FLUX        FLUX
                   (K)        (GHz)       (um)      (K)                  (K)        UP        LOW      (K*km/s) (erg/cm2/s)
2      -- 1          7.1     97.9810   3059.7014  212.951  1.181E-07  2.476E-05  2.943E-01  1.806E-01  2.636E-05  3.193E-13
3      -- 2         14.1    146.9690   2039.8342   12.671  3.388E-06  3.013E-05  2.362E-01  2.943E-01  3.208E-05  1.311E-12
4      -- 3         23.5    195.9542   1529.9108   10.827  3.520E-06  2.284E-05  1.274E-01  2.362E-01  2.431E-05  2.355E-12
5      -- 4         35.3    244.9356   1223.9646   12.337  1.954E-06  1.411E-05  6.005E-02  1.274E-01  1.502E-05  2.842E-12
6      -- 5         49.4    293.9121   1020.0072   15.435  8.819E-07  8.256E-06  2.846E-02  6.005E-02  8.788E-06  2.874E-12
7      -- 6         65.8    342.8829    874.3291   19.429  3.934E-07  4.842E-06  1.408E-02  2.846E-02  5.155E-06  2.676E-12
8      -- 7         84.6    391.8469    765.0755   24.000  1.832E-07  2.894E-06  7.287E-03  1.408E-02  3.080E-06  2.387E-12
9      -- 8        105.8    440.8032    680.1049   28.828  9.012E-08  1.759E-06  3.910E-03  7.287E-03  1.873E-06  2.066E-12
10     -- 9        129.3    489.7509    612.1325   33.791  4.635E-08  1.084E-06  2.155E-03  3.910E-03  1.154E-06  1.745E-12
