* Radex version        : 30nov2011
* Geometry             : Uniform sphere
* Molecular data file  : /home/agnieszka/Pulpit/doktorat/Radex/data/cs.dat                               
* T(kin)            [K]:  200.000
* Density of H2  [cm-3]:  1.000E+06
* T(background)     [K]:    2.730
* Column density [cm-2]:  1.000E+07
* Line width     [km/s]:    1.000
Calculation finished in   10 iterations
      LINE         E_UP       FREQ        WAVEL     T_EX      TAU        T_R       POP        POP       FLUX        FLUX
                   (K)        (GHz)       (um)      (K)                  (K)        UP        LOW      (K*km/s) (erg/cm2/s)
2      -- 1          7.1     97.9810   3059.7014  -65.088 -1.032E-08  7.065E-07  8.233E-02  4.596E-02  7.521E-07  9.111E-15
3      -- 2         14.1    146.9690   2039.8342 -105.818 -1.530E-08  1.683E-06  1.232E-01  8.233E-02  1.791E-06  7.323E-14
4      -- 3         23.5    195.9542   1529.9108  459.302  6.412E-09  2.913E-06  1.552E-01  1.232E-01  3.101E-06  3.005E-13
5      -- 4         35.3    244.9356   1223.9646   69.000  6.071E-08  3.832E-06  1.600E-01  1.552E-01  4.080E-06  7.720E-13
6      -- 5         49.4    293.9121   1020.0072   43.768  1.081E-07  4.000E-06  1.370E-01  1.600E-01  4.258E-06  1.392E-12
7      -- 6         65.8    342.8829    874.3291   37.375  1.181E-07  3.507E-06  1.018E-01  1.370E-01  3.734E-06  1.938E-12
8      -- 7         84.6    391.8469    765.0755   36.344  9.849E-08  2.731E-06  6.874E-02  1.018E-01  2.907E-06  2.253E-12
9      -- 8        105.8    440.8032    680.1049   37.611  7.034E-08  1.970E-06  4.378E-02  6.874E-02  2.097E-06  2.314E-12
10     -- 9        129.3    489.7509    612.1325   40.189  4.585E-08  1.356E-06  2.696E-02  4.378E-02  1.443E-06  2.183E-12
