* Radex version        : 30nov2011
* Geometry             : Uniform sphere
* Molecular data file  : /home/agnieszka/Pulpit/doktorat/Radex/data/cs.dat                               
* T(kin)            [K]:   75.000
* Density of H2  [cm-3]:  1.000E+05
* T(background)     [K]:    2.730
* Column density [cm-2]:  1.000E+10
* Line width     [km/s]:    1.000
Calculation finished in   10 iterations
      LINE         E_UP       FREQ        WAVEL     T_EX      TAU        T_R       POP        POP       FLUX        FLUX
                   (K)        (GHz)       (um)      (K)                  (K)        UP        LOW      (K*km/s) (erg/cm2/s)
2      -- 1          7.1     97.9810   3059.7014   14.088  2.390E-04  2.592E-03  3.356E-01  2.811E-01  2.759E-03  3.342E-11
3      -- 2         14.1    146.9690   2039.8342    7.804  5.384E-04  2.274E-03  1.903E-01  3.356E-01  2.421E-03  9.898E-11
4      -- 3         23.5    195.9542   1529.9108    7.922  3.395E-04  1.296E-03  7.465E-02  1.903E-01  1.380E-03  1.337E-10
5      -- 4         35.3    244.9356   1223.9646    9.715  1.308E-04  6.324E-04  2.721E-02  7.465E-02  6.732E-04  1.274E-10
6      -- 5         49.4    293.9121   1020.0072   12.504  4.512E-05  3.009E-04  1.041E-02  2.721E-02  3.203E-04  1.047E-10
7      -- 6         65.8    342.8829    874.3291   15.610  1.641E-05  1.438E-04  4.184E-03  1.041E-02  1.530E-04  7.944E-11
8      -- 7         84.6    391.8469    765.0755   18.705  6.357E-06  6.887E-05  1.735E-03  4.184E-03  7.331E-05  5.680E-11
9      -- 8        105.8    440.8032    680.1049   21.590  2.578E-06  3.275E-05  7.280E-04  1.735E-03  3.486E-05  3.846E-11
10     -- 9        129.3    489.7509    612.1325   24.266  1.068E-06  1.536E-05  3.054E-04  7.280E-04  1.635E-05  2.473E-11
