* Radex version        : 30nov2011
* Geometry             : Uniform sphere
* Molecular data file  : /home/agnieszka/Pulpit/doktorat/Radex/data/cs.dat                               
* T(kin)            [K]:   50.000
* Density of H2  [cm-3]:  1.000E+06
* T(background)     [K]:    2.730
* Column density [cm-2]:  1.000E+10
* Line width     [km/s]:    1.000
Calculation finished in   10 iterations
      LINE         E_UP       FREQ        WAVEL     T_EX      TAU        T_R       POP        POP       FLUX        FLUX
                   (K)        (GHz)       (um)      (K)                  (K)        UP        LOW      (K*km/s) (erg/cm2/s)
2      -- 1          7.1     97.9810   3059.7014  217.653  7.561E-06  1.620E-03  1.926E-01  1.181E-01  1.725E-03  2.089E-11
3      -- 2         14.1    146.9690   2039.8342   40.193  8.358E-05  3.025E-03  2.262E-01  1.926E-01  3.220E-03  1.316E-10
4      -- 3         23.5    195.9542   1529.9108   22.498  1.984E-04  3.534E-03  1.915E-01  2.262E-01  3.762E-03  3.646E-10
5      -- 4         35.3    244.9356   1223.9646   17.977  2.295E-04  2.886E-03  1.217E-01  1.915E-01  3.072E-03  5.813E-10
6      -- 5         49.4    293.9121   1020.0072   17.092  1.677E-04  1.830E-03  6.301E-02  1.217E-01  1.948E-03  6.370E-10
7      -- 6         65.8    342.8829    874.3291   17.659  9.244E-05  9.845E-04  2.863E-02  6.301E-02  1.048E-03  5.441E-10
8      -- 7         84.6    391.8469    765.0755   18.892  4.325E-05  4.760E-04  1.199E-02  2.863E-02  5.067E-04  3.926E-10
9      -- 8        105.8    440.8032    680.1049   20.394  1.842E-05  2.137E-04  4.750E-03  1.199E-02  2.275E-04  2.509E-10
10     -- 9        129.3    489.7509    612.1325   21.975  7.380E-06  9.058E-05  1.802E-03  4.750E-03  9.643E-05  1.459E-10
