* Radex version        : 30nov2011
* Geometry             : Uniform sphere
* Molecular data file  : /home/agnieszka/Pulpit/doktorat/Radex/data/cs.dat                               
* T(kin)            [K]:   75.000
* Density of H2  [cm-3]:  1.000E+04
* T(background)     [K]:    2.730
* Column density [cm-2]:  1.000E+09
* Line width     [km/s]:    1.000
Calculation finished in   10 iterations
      LINE         E_UP       FREQ        WAVEL     T_EX      TAU        T_R       POP        POP       FLUX        FLUX
                   (K)        (GHz)       (um)      (K)                  (K)        UP        LOW      (K*km/s) (erg/cm2/s)
2      -- 1          7.1     97.9810   3059.7014    3.602  1.056E-04  7.664E-05  2.184E-01  4.835E-01  8.159E-05  9.883E-13
3      -- 2         14.1    146.9690   2039.8342    3.728  5.001E-05  3.384E-05  4.611E-02  2.184E-01  3.602E-05  1.473E-12
4      -- 3         23.5    195.9542   1529.9108    4.912  1.009E-05  1.328E-05  8.738E-03  4.611E-02  1.414E-05  1.370E-12
5      -- 4         35.3    244.9356   1223.9646    8.012  1.679E-06  5.644E-06  2.463E-03  8.738E-03  6.009E-06  1.137E-12
6      -- 5         49.4    293.9121   1020.0072   11.846  4.202E-07  2.555E-06  8.847E-04  2.463E-03  2.720E-06  8.893E-13
7      -- 6         65.8    342.8829    874.3291   15.324  1.409E-07  1.198E-06  3.488E-04  8.847E-04  1.276E-06  6.622E-13
8      -- 7         84.6    391.8469    765.0755   18.401  5.350E-08  5.646E-07  1.423E-04  3.488E-04  6.010E-07  4.657E-13
9      -- 8        105.8    440.8032    680.1049   21.222  2.135E-08  2.640E-07  5.868E-05  1.423E-04  2.810E-07  3.100E-13
10     -- 9        129.3    489.7509    612.1325   23.806  8.707E-09  1.215E-07  2.416E-05  5.868E-05  1.293E-07  1.957E-13
