* Radex version        : 30nov2011
* Geometry             : Uniform sphere
* Molecular data file  : /home/agnieszka/Pulpit/doktorat/Radex/data/cs.dat                               
* T(kin)            [K]:  200.000
* Density of H2  [cm-3]:  1.000E+05
* T(background)     [K]:    2.730
* Column density [cm-2]:  1.000E+07
* Line width     [km/s]:    1.000
Calculation finished in   10 iterations
      LINE         E_UP       FREQ        WAVEL     T_EX      TAU        T_R       POP        POP       FLUX        FLUX
                   (K)        (GHz)       (um)      (K)                  (K)        UP        LOW      (K*km/s) (erg/cm2/s)
2      -- 1          7.1     97.9810   3059.7014  212.953  1.181E-08  2.476E-06  2.943E-01  1.806E-01  2.636E-06  3.193E-14
3      -- 2         14.1    146.9690   2039.8342   12.671  3.388E-07  3.013E-06  2.362E-01  2.943E-01  3.208E-06  1.311E-13
4      -- 3         23.5    195.9542   1529.9108   10.827  3.520E-07  2.284E-06  1.274E-01  2.362E-01  2.431E-06  2.355E-13
5      -- 4         35.3    244.9356   1223.9646   12.337  1.954E-07  1.411E-06  6.005E-02  1.274E-01  1.502E-06  2.842E-13
6      -- 5         49.4    293.9121   1020.0072   15.435  8.819E-08  8.256E-07  2.846E-02  6.005E-02  8.788E-07  2.874E-13
7      -- 6         65.8    342.8829    874.3291   19.429  3.934E-08  4.842E-07  1.408E-02  2.846E-02  5.155E-07  2.676E-13
8      -- 7         84.6    391.8469    765.0755   24.000  1.832E-08  2.894E-07  7.287E-03  1.408E-02  3.080E-07  2.387E-13
9      -- 8        105.8    440.8032    680.1049   28.828  9.012E-09  1.759E-07  3.910E-03  7.287E-03  1.873E-07  2.066E-13
10     -- 9        129.3    489.7509    612.1325   33.791  4.635E-09  1.084E-07  2.155E-03  3.910E-03  1.154E-07  1.745E-13
