* Radex version        : 30nov2011
* Geometry             : Uniform sphere
* Molecular data file  : /home/agnieszka/Pulpit/doktorat/Radex/data/cs.dat                               
* T(kin)            [K]:   50.000
* Density of H2  [cm-3]:  1.000E+05
* T(background)     [K]:    2.730
* Column density [cm-2]:  1.000E+10
* Line width     [km/s]:    1.000
Calculation finished in   10 iterations
      LINE         E_UP       FREQ        WAVEL     T_EX      TAU        T_R       POP        POP       FLUX        FLUX
                   (K)        (GHz)       (um)      (K)                  (K)        UP        LOW      (K*km/s) (erg/cm2/s)
2      -- 1          7.1     97.9810   3059.7014   10.188  3.562E-04  2.491E-03  3.378E-01  3.216E-01  2.652E-03  3.212E-11
3      -- 2         14.1    146.9690   2039.8342    6.750  5.906E-04  1.919E-03  1.664E-01  3.378E-01  2.043E-03  8.353E-11
4      -- 3         23.5    195.9542   1529.9108    7.058  3.145E-04  9.621E-04  5.643E-02  1.664E-01  1.024E-03  9.924E-11
5      -- 4         35.3    244.9356   1223.9646    8.732  1.042E-04  4.143E-04  1.795E-02  5.643E-02  4.410E-04  8.345E-11
6      -- 5         49.4    293.9121   1020.0072   11.185  3.154E-05  1.733E-04  6.009E-03  1.795E-02  1.845E-04  6.032E-11
7      -- 6         65.8    342.8829    874.3291   13.745  1.015E-05  7.188E-05  2.094E-03  6.009E-03  7.651E-05  3.972E-11
8      -- 7         84.6    391.8469    765.0755   16.147  3.452E-06  2.938E-05  7.406E-04  2.094E-03  3.127E-05  2.423E-11
9      -- 8        105.8    440.8032    680.1049   18.273  1.208E-06  1.170E-05  2.601E-04  7.406E-04  1.245E-05  1.374E-11
10     -- 9        129.3    489.7509    612.1325   20.194  4.230E-07  4.513E-06  8.976E-05  2.601E-04  4.804E-06  7.268E-12
